F00:0001       	idnt	"src/actors.c"
F00:0002       	opt o+,ol+,op+,oc+,ot+,oj+,ob+,om+
F00:0003       	section	"CODE",code
F00:0004       	public	_initActorSubsystem
F00:0005       	cnop	0,4
F00:0006       _initActorSubsystem
F00:0007       	link.w	a5,#0
               S01:00000000:  4E 55 00 00
F00:0008       	movem.l	l3,-(a7)
F00:0009       	move.l	#288,-(a7)
               S01:00000004:  48 78 01 20
F00:0010       	move.l	#0,-(a7)
               S01:00000008:  42 A7
F00:0011       	pea	_actors
               S01:0000000A:  48 79 00 00 00 00 [R]
F00:0012       	jsr	_memset
               S01:00000010:  4E B9 00 00 00 00 [R]
F00:0013       	move.l	d0,a0
               S01:00000016:  20 40
F00:0014       	move.l	#512,-(a7)
               S01:00000018:  48 78 02 00
F00:0015       	move.l	#0,-(a7)
               S01:0000001C:  42 A7
F00:0016       	pea	_objectDefinition
               S01:0000001E:  48 79 00 00 01 20 [R]
F00:0017       	jsr	_memset
               S01:00000024:  4E B9 00 00 00 00 [R]
F00:0018       	move.l	#0,_thisActor
               S01:0000002A:  42 B9 00 00 03 20 [R]
F00:0019       	move.b	#0,_savedActorIndex
               S01:00000030:  42 39 00 00 03 24 [R]
F00:0020       	add.w	#24,a7
               S01:00000036:  4F EF 00 18
F00:0021       l3	reg
F00:0022       	unlk	a5
               S01:0000003A:  4E 5D
F00:0023       	rts
               S01:0000003C:  4E 75
F00:0024       	opt o+,ol+,op+,oc+,ot+,oj+,ob+,om+
F00:0025       	public	_runCallBack
F00:0026       	cnop	0,4
F00:0027       _runCallBack
F00:0028       	link.w	a5,#0
               S01:00000040:  4E 55 00 00
F00:0029       	movem.l	l16,-(a7)
F00:0030        move.l  (8,a5),a0
               S01:00000044:  20 6D 00 08
F00:0031        jsr     (a0)
               S01:00000048:  4E 90
F00:0032       l16	reg
F00:0033       	unlk	a5
               S01:0000004A:  4E 5D
F00:0034       	rts
               S01:0000004C:  4E 75
F00:0035       	opt o+,ol+,op+,oc+,ot+,oj+,ob+,om+
F00:0036       	public	_updateActors
F00:0037       	cnop	0,4
F00:0038       _updateActors
F00:0039       	link.w	a5,#0
               S01:00000050:  4E 55 00 00
F00:0040       	movem.l	l31,-(a7)
               S01:00000054:  48 E7 38 00
F00:0041       	moveq	#16,d3
               S01:00000058:  76 10
F00:0042       	moveq	#0,d2
               S01:0000005A:  74 00
F00:0043       	cmp.l	d2,d3
               S01:0000005C:  B6 82
F00:0044       	ble	l30
               S01:0000005E:  6F 00 00 A0
F00:0045       l29
F00:0046       	moveq	#18,d0
               S01:00000062:  70 12
F00:0047       	move.l	d0,d1
               S01:00000064:  22 00
F00:0048       	move.l	d2,d4
               S01:00000066:  28 02
F00:0049       	swap	d1
               S01:00000068:  48 41
F00:0050       	swap	d4
               S01:0000006A:  48 44
F00:0051       	mulu.w	d2,d1
               S01:0000006C:  C2 C2
F00:0052       	mulu.w	d0,d4
               S01:0000006E:  C8 C0
F00:0053       	mulu.w	d2,d0
               S01:00000070:  C0 C2
F00:0054       	add.w	d4,d1
               S01:00000072:  D2 44
F00:0055       	swap	d1
               S01:00000074:  48 41
F00:0056       	clr.w	d1
               S01:00000076:  42 41
F00:0057       	add.l	d1,d0
               S01:00000078:  D0 81
F00:0058       	lea	_actors,a0
               S01:0000007A:  41 F9 00 00 00 00 [R]
F00:0059       	tst.b	(4,a0,d0.l)
               S01:00000080:  4A 30 08 04
F00:0060       	beq	l28
               S01:00000084:  67 72
F00:0061       	moveq	#18,d0
               S01:00000086:  70 12
F00:0062       	move.l	d0,d1
               S01:00000088:  22 00
F00:0063       	move.l	d2,d4
               S01:0000008A:  28 02
F00:0064       	swap	d1
               S01:0000008C:  48 41
F00:0065       	swap	d4
               S01:0000008E:  48 44
F00:0066       	mulu.w	d2,d1
               S01:00000090:  C2 C2
F00:0067       	mulu.w	d0,d4
               S01:00000092:  C8 C0
F00:0068       	mulu.w	d2,d0
               S01:00000094:  C0 C2
F00:0069       	add.w	d4,d1
               S01:00000096:  D2 44
F00:0070       	swap	d1
               S01:00000098:  48 41
F00:0071       	clr.w	d1
               S01:0000009A:  42 41
F00:0072       	add.l	d1,d0
               S01:0000009C:  D0 81
F00:0073       	lea	_actors,a0
               S01:0000009E:  41 F9 00 00 00 00 [R]
F00:0074       	tst.l	(0,a0,d0.l)
               S01:000000A4:  4A B0 08 00
F00:0075       	beq	l28
               S01:000000A8:  67 4E
F00:0076       	moveq	#18,d0
               S01:000000AA:  70 12
F00:0077       	move.l	d0,d1
               S01:000000AC:  22 00
F00:0078       	move.l	d2,d4
               S01:000000AE:  28 02
F00:0079       	swap	d1
               S01:000000B0:  48 41
F00:0080       	swap	d4
               S01:000000B2:  48 44
F00:0081       	mulu.w	d2,d1
               S01:000000B4:  C2 C2
F00:0082       	mulu.w	d0,d4
               S01:000000B6:  C8 C0
F00:0083       	mulu.w	d2,d0
               S01:000000B8:  C0 C2
F00:0084       	add.w	d4,d1
               S01:000000BA:  D2 44
F00:0085       	swap	d1
               S01:000000BC:  48 41
F00:0086       	clr.w	d1
               S01:000000BE:  42 41
F00:0087       	add.l	d1,d0
               S01:000000C0:  D0 81
F00:0088       	lea	_actors,a0
               S01:000000C2:  41 F9 00 00 00 00 [R]
F00:0089       	add.l	d0,a0
               S01:000000C8:  D1 C0
F00:0090       	move.l	a0,_thisActor
               S01:000000CA:  23 C8 00 00 03 20 [R]
F00:0091       	moveq	#18,d0
               S01:000000D0:  70 12
F00:0092       	move.l	d0,d1
               S01:000000D2:  22 00
F00:0093       	move.l	d2,d4
               S01:000000D4:  28 02
F00:0094       	swap	d1
               S01:000000D6:  48 41
F00:0095       	swap	d4
               S01:000000D8:  48 44
F00:0096       	mulu.w	d2,d1
               S01:000000DA:  C2 C2
F00:0097       	mulu.w	d0,d4
               S01:000000DC:  C8 C0
F00:0098       	mulu.w	d2,d0
               S01:000000DE:  C0 C2
F00:0099       	add.w	d4,d1
               S01:000000E0:  D2 44
F00:0100       	swap	d1
               S01:000000E2:  48 41
F00:0101       	clr.w	d1
               S01:000000E4:  42 41
F00:0102       	add.l	d1,d0
               S01:000000E6:  D0 81
F00:0103       	lea	_actors,a0
               S01:000000E8:  41 F9 00 00 00 00 [R]
F00:0104       	move.l	(0,a0,d0.l),-(a7)
               S01:000000EE:  2F 30 08 00
F00:0105       	jsr	_runCallBack
               S01:000000F2:  61 00 FF 4C
F00:0106       	addq.w	#4,a7
               S01:000000F6:  58 4F
F00:0107       l28
F00:0108       	addq.l	#1,d2
               S01:000000F8:  52 82
F00:0109       	cmp.l	d2,d3
               S01:000000FA:  B6 82
F00:0110       	bgt	l29
               S01:000000FC:  6E 00 FF 64
F00:0111       l30
F00:0112       	jsr	_renderAllActors
               S01:00000100:  61 0A
F00:0113       l31	reg	d2/d3/d4
F00:0114       	movem.l	(a7)+,d2/d3/d4
               S01:00000102:  4C DF 00 1C
F00:0115       	unlk	a5
               S01:00000106:  4E 5D
F00:0116       	rts
               S01:00000108:  4E 75
F00:0117       	opt o+,ol+,op+,oc+,ot+,oj+,ob+,om+
F00:0118       	public	_renderAllActors
F00:0119       	cnop	0,4
F00:0120       _renderAllActors
F00:0121       	link.w	a5,#-208
               S01:0000010C:  4E 55 FF 30
F00:0122       	movem.l	l50,-(a7)
               S01:00000110:  48 E7 3F 38
F00:0123       	moveq	#10,d6
               S01:00000114:  7C 0A
F00:0124       	moveq	#64,d5
               S01:00000116:  7A 40
F00:0125       	move.b	_savedActorIndex,d4
               S01:00000118:  18 39 00 00 03 24 [R]
F00:0126       	moveq	#0,d3
               S01:0000011E:  76 00
F00:0127       	moveq	#0,d4
               S01:00000120:  78 00
F00:0128       	cmp.b	#16,d4
               S01:00000122:  B8 3C 00 10
F00:0129       	bcc	l48
               S01:00000126:  64 00 01 1A
F00:0130       l46
F00:0131       	moveq	#0,d0
               S01:0000012A:  70 00
F00:0132       	move.b	d4,d0
               S01:0000012C:  10 04
F00:0133       	moveq	#18,d1
               S01:0000012E:  72 12
F00:0134       	move.l	d2,-(a7)
               S01:00000130:  2F 02
F00:0135       	move.l	d0,d7
               S01:00000132:  2E 00
F00:0136       	move.l	d1,d2
               S01:00000134:  24 01
F00:0137       	swap	d7
               S01:00000136:  48 47
F00:0138       	swap	d2
               S01:00000138:  48 42
F00:0139       	mulu.w	d1,d7
               S01:0000013A:  CE C1
F00:0140       	mulu.w	d0,d2
               S01:0000013C:  C4 C0
F00:0141       	mulu.w	d1,d0
               S01:0000013E:  C0 C1
F00:0142       	add.w	d2,d7
               S01:00000140:  DE 42
F00:0143       	swap	d7
               S01:00000142:  48 47
F00:0144       	clr.w	d7
               S01:00000144:  42 47
F00:0145       	add.l	d7,d0
               S01:00000146:  D0 87
F00:0146       	move.l	(a7)+,d2
               S01:00000148:  24 1F
F00:0147       	lea	_actors,a2
               S01:0000014A:  45 F9 00 00 00 00 [R]
F00:0148       	add.l	d0,a2
               S01:00000150:  D5 C0
F00:0149       	move.b	(8,a2),d0
               S01:00000152:  10 2A 00 08
F00:0150       	sub.b	d0,d5
               S01:00000156:  9A 00
F00:0151       	blt	l48
               S01:00000158:  6D 00 00 E8
F00:0152       	moveq	#0,d2
               S01:0000015C:  74 00
F00:0153       	move.b	d4,(-2,a5)
               S01:0000015E:  1B 44 FF FE
F00:0154       	move.b	d5,(-1,a5)
               S01:00000162:  1B 45 FF FF
F00:0155       	cmp.b	(8,a2),d2
               S01:00000166:  B4 2A 00 08
F00:0156       	bcc	l49
               S01:0000016A:  64 00 00 B4
F00:0157       l47
F00:0158       	move.w	(16,a2),d1
               S01:0000016E:  32 2A 00 10
F00:0159       	add.w	#128,d1
               S01:00000172:  D2 7C 00 80
F00:0160       	move.l	a2,d5
               S01:00000176:  2A 0A
F00:0161       	addq.l	#8,d5
               S01:00000178:  50 85
F00:0162       	lea	(a2,d6.l),a0
               S01:0000017A:  41 F2 68 00
F00:0163       	moveq	#0,d0
               S01:0000017E:  70 00
F00:0164       	move.b	d2,d0
               S01:00000180:  10 02
F00:0165       	lsl.l	#2,d0
               S01:00000182:  E5 88
F00:0166       	move.l	(a0),a0
               S01:00000184:  20 50
F00:0167       	add.l	d0,a0
               S01:00000186:  D1 C0
F00:0168       	lea	(2,a0),a3
               S01:00000188:  47 E8 00 02
F00:0169       	moveq	#0,d0
               S01:0000018C:  70 00
F00:0170       	move.b	(3,a0),d0
               S01:0000018E:  10 28 00 03
F00:0171       	add.w	d1,d0
               S01:00000192:  D0 41
F00:0172       	moveq	#0,d1
               S01:00000194:  72 00
F00:0173       	move.b	d3,d1
               S01:00000196:  12 03
F00:0174       	lsl.l	#3,d1
               S01:00000198:  E7 89
F00:0175       	lea	_objectDefinition,a0
               S01:0000019A:  41 F9 00 00 01 20 [R]
F00:0176       	move.w	d0,(0,a0,d1.l)
               S01:000001A0:  31 80 18 00
F00:0177       	moveq	#0,d0
               S01:000001A4:  70 00
F00:0178       	move.b	d3,d0
               S01:000001A6:  10 03
F00:0179       	addq.l	#1,d0
               S01:000001A8:  52 80
F00:0180       	moveq	#0,d1
               S01:000001AA:  72 00
F00:0181       	move.b	d3,d1
               S01:000001AC:  12 03
F00:0182       	lsl.l	#3,d1
               S01:000001AE:  E7 89
F00:0183       	lea	_objectDefinition,a0
               S01:000001B0:  41 F9 00 00 01 20 [R]
F00:0184       	move.w	d0,(2,a0,d1.l)
               S01:000001B6:  31 80 18 02
F00:0185       	move.l	a2,d4
               S01:000001BA:  28 0A
F00:0186       	addq.l	#8,d4
               S01:000001BC:  50 84
F00:0187       	lea	(a2,d6.l),a1
               S01:000001BE:  43 F2 68 00
F00:0188       	moveq	#0,d0
               S01:000001C2:  70 00
F00:0189       	move.b	d2,d0
               S01:000001C4:  10 02
F00:0190       	lsl.l	#2,d0
               S01:000001C6:  E5 88
F00:0191       	move.l	(a1),a1
               S01:000001C8:  22 51
F00:0192       	add.l	d0,a1
               S01:000001CA:  D3 C0
F00:0193       	move.w	(a1),d0
               S01:000001CC:  30 11
F00:0194       	add.w	(6,a2),d0
               S01:000001CE:  D0 6A 00 06
F00:0195       	moveq	#0,d1
               S01:000001D2:  72 00
F00:0196       	move.b	d3,d1
               S01:000001D4:  12 03
F00:0197       	lsl.l	#3,d1
               S01:000001D6:  E7 89
F00:0198       	lea	_objectDefinition,a0
               S01:000001D8:  41 F9 00 00 01 20 [R]
F00:0199       	move.w	d0,(4,a0,d1.l)
               S01:000001DE:  31 80 18 04
F00:0200       	move.w	(14,a2),d1
               S01:000001E2:  32 2A 00 0E
F00:0201       	add.w	#128,d1
               S01:000001E6:  D2 7C 00 80
F00:0202       	lea	(8,a2),a4
               S01:000001EA:  49 EA 00 08
F00:0203       	lea	(a2,d6.l),a0
               S01:000001EE:  41 F2 68 00
F00:0204       	moveq	#0,d0
               S01:000001F2:  70 00
F00:0205       	move.b	d2,d0
               S01:000001F4:  10 02
F00:0206       	lsl.l	#2,d0
               S01:000001F6:  E5 88
F00:0207       	move.l	(a0),a0
               S01:000001F8:  20 50
F00:0208       	add.l	d0,a0
               S01:000001FA:  D1 C0
F00:0209       	moveq	#0,d0
               S01:000001FC:  70 00
F00:0210       	move.b	(2,a0),d0
               S01:000001FE:  10 28 00 02
F00:0211       	add.w	d1,d0
               S01:00000202:  D0 41
F00:0212       	moveq	#0,d1
               S01:00000204:  72 00
F00:0213       	move.b	d3,d1
               S01:00000206:  12 03
F00:0214       	lsl.l	#3,d1
               S01:00000208:  E7 89
F00:0215       	lea	_objectDefinition,a0
               S01:0000020A:  41 F9 00 00 01 20 [R]
F00:0216       	move.w	d0,(6,a0,d1.l)
               S01:00000210:  31 80 18 06
F00:0217       	addq.b	#1,d3
               S01:00000214:  52 03
F00:0218       	addq.b	#1,d2
               S01:00000216:  52 02
F00:0219       	cmp.b	(8,a2),d2
               S01:00000218:  B4 2A 00 08
F00:0220       	bcs	l47
               S01:0000021C:  65 00 FF 50
F00:0221       l49
F00:0222       	move.b	(-1,a5),d5
               S01:00000220:  1A 2D FF FF
F00:0223       	move.b	(-2,a5),d4
               S01:00000224:  18 2D FF FE
F00:0224       	moveq	#0,d0
               S01:00000228:  70 00
F00:0225       	move.b	d3,d0
               S01:0000022A:  10 03
F00:0226       	lsl.l	#3,d0
               S01:0000022C:  E7 88
F00:0227       	lea	_objectDefinition,a0
               S01:0000022E:  41 F9 00 00 01 20 [R]
F00:0228       	move.w	#0,(2,a0,d0.l)
               S01:00000234:  42 70 08 02
F00:0229       	addq.b	#1,d4
               S01:00000238:  52 04
F00:0230       	cmp.b	#16,d4
               S01:0000023A:  B8 3C 00 10
F00:0231       	bcs	l46
               S01:0000023E:  65 00 FE EA
F00:0232       l48
F00:0233       	move.b	d4,_savedActorIndex
               S01:00000242:  13 C4 00 00 03 24 [R]
F00:0234       	jsr	_VDP_CommitSpriteBuffer
               S01:00000248:  4E B9 00 00 00 00 [R]
F00:0235       l50	reg	a2/a3/a4/d2/d3/d4/d5/d6/d7
F00:0236       	movem.l	(a7)+,a2/a3/a4/d2/d3/d4/d5/d6/d7
               S01:0000024E:  4C DF 1C FC
F00:0237       	unlk	a5
               S01:00000252:  4E 5D
F00:0238       	rts
               S01:00000254:  4E 75
F00:0239       	opt o+,ol+,op+,oc+,ot+,oj+,ob+,om+
F00:0240       	public	_spawnSprite
F00:0241       	cnop	0,4
F00:0242       _spawnSprite
F00:0243       	link.w	a5,#-32
               S01:00000258:  4E 55 FF E0
F00:0244       	movem.l	l67,-(a7)
               S01:0000025C:  48 E7 3E 30
F00:0245       	moveq	#16,d3
               S01:00000260:  76 10
F00:0246       	moveq	#0,d2
               S01:00000262:  74 00
F00:0247       	moveq	#0,d1
               S01:00000264:  72 00
F00:0248       	cmp.b	d1,d3
               S01:00000266:  B6 01
F00:0249       	bls	l66
               S01:00000268:  63 78
F00:0250       l65
F00:0251       	moveq	#0,d0
               S01:0000026A:  70 00
F00:0252       	move.b	d1,d0
               S01:0000026C:  10 01
F00:0253       	moveq	#18,d4
               S01:0000026E:  78 12
F00:0254       	move.l	d0,d5
               S01:00000270:  2A 00
F00:0255       	move.l	d4,d6
               S01:00000272:  2C 04
F00:0256       	swap	d5
               S01:00000274:  48 45
F00:0257       	swap	d6
               S01:00000276:  48 46
F00:0258       	mulu.w	d4,d5
               S01:00000278:  CA C4
F00:0259       	mulu.w	d0,d6
               S01:0000027A:  CC C0
F00:0260       	mulu.w	d4,d0
               S01:0000027C:  C0 C4
F00:0261       	add.w	d6,d5
               S01:0000027E:  DA 46
F00:0262       	swap	d5
               S01:00000280:  48 45
F00:0263       	clr.w	d5
               S01:00000282:  42 45
F00:0264       	add.l	d5,d0
               S01:00000284:  D0 85
F00:0265       	lea	_actors,a0
               S01:00000286:  41 F9 00 00 00 00 [R]
F00:0266       	tst.b	(4,a0,d0.l)
               S01:0000028C:  4A 30 08 04
F00:0267       	bne	l61
               S01:00000290:  66 4A
F00:0268       	moveq	#0,d0
               S01:00000292:  70 00
F00:0269       	move.b	d1,d0
               S01:00000294:  10 01
F00:0270       	moveq	#18,d4
               S01:00000296:  78 12
F00:0271       	move.l	d0,d5
               S01:00000298:  2A 00
F00:0272       	move.l	d4,d6
               S01:0000029A:  2C 04
F00:0273       	swap	d5
               S01:0000029C:  48 45
F00:0274       	swap	d6
               S01:0000029E:  48 46
F00:0275       	mulu.w	d4,d5
               S01:000002A0:  CA C4
F00:0276       	mulu.w	d0,d6
               S01:000002A2:  CC C0
F00:0277       	mulu.w	d4,d0
               S01:000002A4:  C0 C4
F00:0278       	add.w	d6,d5
               S01:000002A6:  DA 46
F00:0279       	swap	d5
               S01:000002A8:  48 45
F00:0280       	clr.w	d5
               S01:000002AA:  42 45
F00:0281       	add.l	d5,d0
               S01:000002AC:  D0 85
F00:0282       	lea	_actors,a0
               S01:000002AE:  41 F9 00 00 00 00 [R]
F00:0283       	add.l	d0,a0
               S01:000002B4:  D1 C0
F00:0284       	move.l	a0,(-30,a5)
               S01:000002B6:  2B 48 FF E2
F00:0285       	move.l	(8,a5),a0
               S01:000002BA:  20 6D 00 08
F00:0286       	move.l	(-30,a5),a1
               S01:000002BE:  22 6D FF E2
F00:0287       	lea	(a0),a2
               S01:000002C2:  45 D0
F00:0288       	lea	(a1),a3
               S01:000002C4:  47 D1
F00:0289       	moveq.l	#3,d0
               S01:000002C6:  70 03
F00:0290       l70:
F00:0291       	move.b	(a2)+,(a3)+
               S01:000002C8:  16 DA
F00:0292       	move.b	(a2)+,(a3)+
               S01:000002CA:  16 DA
F00:0293       	move.b	(a2)+,(a3)+
               S01:000002CC:  16 DA
F00:0294       	move.b	(a2)+,(a3)+
               S01:000002CE:  16 DA
F00:0295       	dbra	d0,l70
               S01:000002D0:  51 C8 FF F6
F00:0296       	move.b	(a2)+,(a3)+
               S01:000002D4:  16 DA
F00:0297       	move.b	(a2)+,(a3)+
               S01:000002D6:  16 DA
F00:0298       	moveq	#1,d2
               S01:000002D8:  74 01
F00:0299       	bra	l66
               S01:000002DA:  60 06
F00:0300       l61
F00:0301       	addq.b	#1,d1
               S01:000002DC:  52 01
F00:0302       	cmp.b	d1,d3
               S01:000002DE:  B6 01
F00:0303       	bhi	l65
               S01:000002E0:  62 88
F00:0304       l66
F00:0305       	tst.b	d2
               S01:000002E2:  4A 02
F00:0306       	beq	l63
               S01:000002E4:  67 04
F00:0307       	move.b	d1,d0
               S01:000002E6:  10 01
F00:0308       	bra	l64
               S01:000002E8:  60 02
F00:0309       l63
F00:0310       	moveq	#-1,d0
               S01:000002EA:  70 FF
F00:0311       l64
F00:0312       l67	reg	a2/a3/d2/d3/d4/d5/d6
F00:0313       	movem.l	(a7)+,a2/a3/d2/d3/d4/d5/d6
               S01:000002EC:  4C DF 0C 7C
F00:0314       	unlk	a5
               S01:000002F0:  4E 5D
F00:0315       	rts
               S01:000002F2:  4E 75
F00:0316       ; stacksize=60
F00:0317       	public	_testActor
F00:0318       	section	"DATA",data
F00:0319       	cnop	0,4
F00:0320       _testActor
F00:0321       	dc.l	0
               S02:00000000:  00 00 00 00
F00:0322       	dc.b	1
               S02:00000004:  01
F00:0323       	ds.b	1
F00:0324       	dc.w	0
               S02:00000006:  00 00
F00:0325       	dc.b	4
               S02:00000008:  04
F00:0326       	ds.b	1
F00:0327       	dc.l	_testActorTiles
               S02:0000000A:  00 00 00 14 [R]
F00:0328       	dc.w	0
               S02:0000000E:  00 00
F00:0329       	dc.w	0
               S02:00000010:  00 00
F00:0330       	public	_testActorTiles
F00:0331       	cnop	0,4
F00:0332       _testActorTiles
F00:0333       	dc.w	48
               S02:00000014:  00 30
F00:0334       	dc.b	0
               S02:00000016:  00
F00:0335       	dc.b	0
               S02:00000017:  00
F00:0336       	dc.w	49
               S02:00000018:  00 31
F00:0337       	dc.b	8
               S02:0000001A:  08
F00:0338       	dc.b	0
               S02:0000001B:  00
F00:0339       	dc.w	50
               S02:0000001C:  00 32
F00:0340       	dc.b	0
               S02:0000001E:  00
F00:0341       	dc.b	8
               S02:0000001F:  08
F00:0342       	dc.w	51
               S02:00000020:  00 33
F00:0343       	dc.b	8
               S02:00000022:  08
F00:0344       	dc.b	8
               S02:00000023:  08
F00:0345       	public	_memcpy
F00:0346       	public	_memset
F00:0347       	public	_VDP_CommitSpriteBuffer
F00:0348       	public	_actors
F00:0349       	section	"BSS",bss
F00:0350       	cnop	0,4
F00:0351       _actors
F00:0352       	ds.b	288
F00:0353       	public	_objectDefinition
F00:0354       	cnop	0,4
F00:0355       _objectDefinition
F00:0356       	ds.b	512
F00:0357       	public	_thisActor
F00:0358       	cnop	0,4
F00:0359       _thisActor
F00:0360       	ds.b	4
F00:0361       	public	_savedActorIndex
F00:0362       	cnop	0,4
F00:0363       _savedActorIndex
F00:0364       	ds.b	1
F00:0365       	public	_padding
F00:0366       	cnop	0,4
F00:0367       _padding
F00:0368       	ds.b	1
F00:0369       


Sections:
S01  CODE
S02  DATA
S03  BSS


Sources:
F00  actors.asm


Symbols:
_padding LAB (0x328) UNUSED EXPORT sec=BSS 
_memcpy IMP UNUSED EXPORT 
_testActorTiles LAB (0x14) EXPORT REF sec=DATA 
_testActor LAB (0x0) UNUSED EXPORT sec=DATA 
l64 LAB (0x2ec) sec=CODE 
l63 LAB (0x2ea) sec=CODE 
l70 LAB (0x2c8) sec=CODE 
l61 LAB (0x2dc) sec=CODE 
l65 LAB (0x26a) sec=CODE 
l66 LAB (0x2e2) sec=CODE 
l67 EXPR(3196=0xc7c) EQU REGL 
_spawnSprite LAB (0x258) UNUSED EXPORT sec=CODE 
_VDP_CommitSpriteBuffer IMP EXPORT REF 
l47 LAB (0x16e) sec=CODE 
l49 LAB (0x220) sec=CODE 
l46 LAB (0x12a) sec=CODE 
l48 LAB (0x242) sec=CODE 
l50 EXPR(7420=0x1cfc) EQU REGL 
_renderAllActors LAB (0x10c) EXPORT sec=CODE 
l28 LAB (0xf8) sec=CODE 
l29 LAB (0x62) sec=CODE 
l30 LAB (0x100) sec=CODE 
l31 EXPR(28=0x1c) EQU REGL 
_updateActors LAB (0x50) UNUSED EXPORT sec=CODE 
l16 EXPR(0=0x0) EQU REGL 
_runCallBack LAB (0x40) EXPORT sec=CODE 
_savedActorIndex LAB (0x324) EXPORT REF sec=BSS 
_thisActor LAB (0x320) EXPORT REF sec=BSS 
_objectDefinition LAB (0x120) EXPORT REF sec=BSS 
_memset IMP EXPORT REF 
_actors LAB (0x0) EXPORT REF sec=BSS 
l3 EXPR(0=0x0) EQU REGL 
_initActorSubsystem LAB (0x0) UNUSED EXPORT sec=CODE 
_MOVEMBYTES EXPR(28=0x1c) INTERNAL 
 MOVEMSIZE EXPR(4=0x4) INTERNAL 
_MOVEMREGS EXPR(3196=0xc7c) INTERNAL 
__LINE__ EXPR(369=0x171) INTERNAL 
__FO EXPR(0=0x0) INTERNAL 
__RS EXPR(0=0x0) INTERNAL 
REPTN EXPR(-1=0xffffffff) INTERNAL 
__VASM EXPR(1=0x1) INTERNAL 
__UNIXFS EXPR(0=0x0) INTERNAL 

There have been no errors.
