F00:0001       	idnt	"src/joypad.c"
F00:0002       	opt o+,ol+,op+,oc+,ot+,oj+,ob+,om+
F00:0003       	section	"CODE",code
F00:0004       	public	_initControllers
F00:0005       	cnop	0,4
F00:0006       _initControllers
F00:0007       	link.w	a5,#0
               S01:00000000:  4E 55 00 00
F00:0008       	movem.l	l3,-(a7)
F00:0009       	moveq	#64,d0
               S01:00000004:  70 40
F00:0010       	move.b	d0,10551305
               S01:00000006:  13 C0 00 A1 00 09
F00:0011       	move.b	d0,10551307
               S01:0000000C:  13 C0 00 A1 00 0B
F00:0012       	move.b	d0,10551299
               S01:00000012:  13 C0 00 A1 00 03
F00:0013       	move.b	d0,10551301
               S01:00000018:  13 C0 00 A1 00 05
F00:0014       	move.b	#0,_prevControllerInputs
               S01:0000001E:  42 39 00 00 00 00 [R]
F00:0015       	move.b	#0,_controllerInputs
               S01:00000024:  42 39 00 00 00 04 [R]
F00:0016       l3	reg
F00:0017       	unlk	a5
               S01:0000002A:  4E 5D
F00:0018       	rts
               S01:0000002C:  4E 75
F00:0019       ; stacksize=0
F00:0020       	opt o+,ol+,op+,oc+,ot+,oj+,ob+,om+
F00:0021       	public	_updateControllerInputs
F00:0022       	cnop	0,4
F00:0023       _updateControllerInputs
F00:0024       	link.w	a5,#0
               S01:00000030:  4E 55 00 00
F00:0025       	movem.l	l40,-(a7)
               S01:00000034:  2F 02
F00:0026       	move.b	_controllerInputs,_prevControllerInputs
               S01:00000036:  13 F9 00 00 00 04 00 00 00 00 [R]
F00:0027       	move.b	#64,10551299
               S01:00000040:  13 FC 00 40 00 A1 00 03
F00:0028         nop
               S01:00000048:  4E 71
F00:0029         nop
               S01:0000004A:  4E 71
F00:0030         nop
               S01:0000004C:  4E 71
F00:0031         nop
               S01:0000004E:  4E 71
F00:0032       	move.b	10551299,d2
               S01:00000050:  14 39 00 A1 00 03
F00:0033       	move.b	#0,10551299
               S01:00000056:  42 39 00 A1 00 03
F00:0034         nop
               S01:0000005C:  4E 71
F00:0035         nop
               S01:0000005E:  4E 71
F00:0036         nop
               S01:00000060:  4E 71
F00:0037         nop
               S01:00000062:  4E 71
F00:0038       	move.b	10551299,d0
               S01:00000064:  10 39 00 A1 00 03
F00:0039       	and.b	#63,d2
               S01:0000006A:  C4 3C 00 3F
F00:0040       	and.b	#48,d0
               S01:0000006E:  C0 3C 00 30
F00:0041       	and.l	#255,d0
               S01:00000072:  C0 BC 00 00 00 FF
F00:0042       	lsl.l	#2,d0
               S01:00000078:  E5 88
F00:0043       	or.b	d2,d0
               S01:0000007A:  80 02
F00:0044       	move.b	d0,_controllerInputs
               S01:0000007C:  13 C0 00 00 00 04 [R]
F00:0045       	eor.b	#255,_controllerInputs
               S01:00000082:  46 39 00 00 00 04 [R]
F00:0046       l40	reg	d2
F00:0047       	movem.l	(a7)+,d2
               S01:00000088:  24 1F
F00:0048       	unlk	a5
               S01:0000008A:  4E 5D
F00:0049       	rts
               S01:0000008C:  4E 75
F00:0050       	opt o+,ol+,op+,oc+,ot+,oj+,ob+,om+
F00:0051       	public	_isButtonHeldDown
F00:0052       	cnop	0,4
F00:0053       _isButtonHeldDown
F00:0054       	link.w	a5,#0
               S01:00000090:  4E 55 00 00
F00:0055       	movem.l	l48,-(a7)
F00:0056       	moveq	#0,d0
               S01:00000094:  70 00
F00:0057       	move.b	_controllerInputs,d0
               S01:00000096:  10 39 00 00 00 04 [R]
F00:0058       	and.l	(8,a5),d0
               S01:0000009C:  C0 AD 00 08
F00:0059       	beq	l46
               S01:000000A0:  67 04
F00:0060       	moveq	#1,d0
               S01:000000A2:  70 01
F00:0061       	bra	l47
               S01:000000A4:  60 02
F00:0062       l46
F00:0063       	moveq	#0,d0
               S01:000000A6:  70 00
F00:0064       l47
F00:0065       l48	reg
F00:0066       	unlk	a5
               S01:000000A8:  4E 5D
F00:0067       	rts
               S01:000000AA:  4E 75
F00:0068       ; stacksize=0
F00:0069       	opt o+,ol+,op+,oc+,ot+,oj+,ob+,om+
F00:0070       	public	_isButtonJustPressed
F00:0071       	cnop	0,4
F00:0072       _isButtonJustPressed
F00:0073       	link.w	a5,#0
               S01:000000AC:  4E 55 00 00
F00:0074       	movem.l	l56,-(a7)
F00:0075       	moveq	#0,d0
               S01:000000B0:  70 00
F00:0076       	move.b	_controllerInputs,d0
               S01:000000B2:  10 39 00 00 00 04 [R]
F00:0077       	moveq	#0,d1
               S01:000000B8:  72 00
F00:0078       	move.b	_prevControllerInputs,d1
               S01:000000BA:  12 39 00 00 00 00 [R]
F00:0079       	eor.l	d0,d1
               S01:000000C0:  B1 81
F00:0080       	moveq	#0,d0
               S01:000000C2:  70 00
F00:0081       	move.b	_controllerInputs,d0
               S01:000000C4:  10 39 00 00 00 04 [R]
F00:0082       	and.w	d1,d0
               S01:000000CA:  C0 41
F00:0083       	and.l	#65535,d0
               S01:000000CC:  C0 BC 00 00 FF FF
F00:0084       	and.l	(8,a5),d0
               S01:000000D2:  C0 AD 00 08
F00:0085       	beq	l54
               S01:000000D6:  67 04
F00:0086       	moveq	#1,d0
               S01:000000D8:  70 01
F00:0087       	bra	l55
               S01:000000DA:  60 02
F00:0088       l54
F00:0089       	moveq	#0,d0
               S01:000000DC:  70 00
F00:0090       l55
F00:0091       l56	reg
F00:0092       	unlk	a5
               S01:000000DE:  4E 5D
F00:0093       	rts
               S01:000000E0:  4E 75
F00:0094       ; stacksize=0
F00:0095       	opt o+,ol+,op+,oc+,ot+,oj+,ob+,om+
F00:0096       	public	_isButtonJustReleased
F00:0097       	cnop	0,4
F00:0098       _isButtonJustReleased
F00:0099       	link.w	a5,#0
               S01:000000E4:  4E 55 00 00
F00:0100       	movem.l	l64,-(a7)
F00:0101       	moveq	#0,d0
               S01:000000E8:  70 00
F00:0102       	move.b	_controllerInputs,d0
               S01:000000EA:  10 39 00 00 00 04 [R]
F00:0103       	moveq	#0,d1
               S01:000000F0:  72 00
F00:0104       	move.b	_prevControllerInputs,d1
               S01:000000F2:  12 39 00 00 00 00 [R]
F00:0105       	eor.l	d0,d1
               S01:000000F8:  B1 81
F00:0106       	moveq	#0,d0
               S01:000000FA:  70 00
F00:0107       	move.b	_controllerInputs,d0
               S01:000000FC:  10 39 00 00 00 04 [R]
F00:0108       	eor.w	d1,d0
               S01:00000102:  B3 40
F00:0109       	and.l	#65535,d0
               S01:00000104:  C0 BC 00 00 FF FF
F00:0110       	and.l	(8,a5),d0
               S01:0000010A:  C0 AD 00 08
F00:0111       	beq	l62
               S01:0000010E:  67 04
F00:0112       	moveq	#1,d0
               S01:00000110:  70 01
F00:0113       	bra	l63
               S01:00000112:  60 02
F00:0114       l62
F00:0115       	moveq	#0,d0
               S01:00000114:  70 00
F00:0116       l63
F00:0117       l64	reg
F00:0118       	unlk	a5
               S01:00000116:  4E 5D
F00:0119       	rts
               S01:00000118:  4E 75
F00:0120       ; stacksize=0
F00:0121       	opt o+,ol+,op+,oc+,ot+,oj+,ob+,om+
F00:0122       	public	_getRawControllerInputs
F00:0123       	cnop	0,4
F00:0124       _getRawControllerInputs
F00:0125       	link.w	a5,#0
               S01:0000011C:  4E 55 00 00
F00:0126       	movem.l	l69,-(a7)
F00:0127       	move.b	_controllerInputs,d0
               S01:00000120:  10 39 00 00 00 04 [R]
F00:0128       l69	reg
F00:0129       	unlk	a5
               S01:00000126:  4E 5D
F00:0130       	rts
               S01:00000128:  4E 75
F00:0131       ; stacksize=0
F00:0132       	opt o+,ol+,op+,oc+,ot+,oj+,ob+,om+
F00:0133       	public	_setRawControllerInputs
F00:0134       	cnop	0,4
F00:0135       _setRawControllerInputs
F00:0136       	link.w	a5,#0
               S01:0000012C:  4E 55 00 00
F00:0137       	movem.l	l74,-(a7)
F00:0138       	move.b	(11,a5),_controllerInputs
               S01:00000130:  13 ED 00 0B 00 00 00 04 [R]
F00:0139       l74	reg
F00:0140       	unlk	a5
               S01:00000138:  4E 5D
F00:0141       	rts
               S01:0000013A:  4E 75
F00:0142       ; stacksize=0
F00:0143       	public	_prevControllerInputs
F00:0144       	section	"BSS",bss
F00:0145       	cnop	0,4
F00:0146       _prevControllerInputs
F00:0147       	ds.b	1
F00:0148       	public	_controllerInputs
F00:0149       	cnop	0,4
F00:0150       _controllerInputs
F00:0151       	ds.b	1
F00:0152       


Sections:
S01  CODE
S02  BSS


Sources:
F00  joypad.asm


Symbols:
l74 EXPR(0=0x0) EQU REGL 
_setRawControllerInputs LAB (0x12c) UNUSED EXPORT sec=CODE 
l69 EXPR(0=0x0) EQU REGL 
_getRawControllerInputs LAB (0x11c) UNUSED EXPORT sec=CODE 
l63 LAB (0x116) sec=CODE 
l62 LAB (0x114) sec=CODE 
l64 EXPR(0=0x0) EQU REGL 
_isButtonJustReleased LAB (0xe4) UNUSED EXPORT sec=CODE 
l55 LAB (0xde) sec=CODE 
l54 LAB (0xdc) sec=CODE 
l56 EXPR(0=0x0) EQU REGL 
_isButtonJustPressed LAB (0xac) UNUSED EXPORT sec=CODE 
l47 LAB (0xa8) sec=CODE 
l46 LAB (0xa6) sec=CODE 
l48 EXPR(0=0x0) EQU REGL 
_isButtonHeldDown LAB (0x90) UNUSED EXPORT sec=CODE 
l40 EXPR(4=0x4) EQU REGL 
_updateControllerInputs LAB (0x30) UNUSED EXPORT sec=CODE 
_controllerInputs LAB (0x4) EXPORT REF sec=BSS 
_prevControllerInputs LAB (0x0) EXPORT REF sec=BSS 
l3 EXPR(0=0x0) EQU REGL 
_initControllers LAB (0x0) UNUSED EXPORT sec=CODE 
_MOVEMBYTES EXPR(complex expression) INTERNAL 
 MOVEMSIZE EXPR(4=0x4) INTERNAL 
_MOVEMREGS EXPR(0=0x0) INTERNAL 
__LINE__ EXPR(152=0x98) INTERNAL 
__FO EXPR(0=0x0) INTERNAL 
__RS EXPR(0=0x0) INTERNAL 
REPTN EXPR(-1=0xffffffff) INTERNAL 
__VASM EXPR(1=0x1) INTERNAL 
__UNIXFS EXPR(0=0x0) INTERNAL 

There have been no errors.
