F00:0001       	idnt	"src/linkedList.c"
F00:0002       	opt o+,ol+,op+,oc+,ot+,oj+,ob+,om+
F00:0003       	section	"CODE",code
F00:0004       	public	_createNewLinkedList
F00:0005       	cnop	0,4
F00:0006       _createNewLinkedList
F00:0007       	link.w	a5,#0
               S01:00000000:  4E 55 00 00
F00:0008       	movem.l	l5,-(a7)
               S01:00000004:  2F 02
F00:0009       	move.l	#10,-(a7)
               S01:00000006:  48 78 00 0A
F00:0010       	jsr	_malloc
               S01:0000000A:  4E B9 00 00 00 00 [R]
F00:0011       	move.l	d0,d2
               S01:00000010:  24 00
F00:0012       	addq.w	#4,a7
               S01:00000012:  58 4F
F00:0013       	beq	l4
               S01:00000014:  67 12
F00:0014       	move.l	#10,-(a7)
               S01:00000016:  48 78 00 0A
F00:0015       	move.l	#0,-(a7)
               S01:0000001A:  42 A7
F00:0016       	move.l	d2,-(a7)
               S01:0000001C:  2F 02
F00:0017       	jsr	_memset
               S01:0000001E:  4E B9 00 00 00 00 [R]
F00:0018       	add.w	#12,a7
               S01:00000024:  4F EF 00 0C
F00:0019       l4
F00:0020       	move.l	d2,d0
               S01:00000028:  20 02
F00:0021       l5	reg	d2
F00:0022       	movem.l	(a7)+,d2
               S01:0000002A:  24 1F
F00:0023       	unlk	a5
               S01:0000002C:  4E 5D
F00:0024       	rts
               S01:0000002E:  4E 75
F00:0025       	opt o+,ol+,op+,oc+,ot+,oj+,ob+,om+
F00:0026       	public	_insertInLinkedList
F00:0027       	cnop	0,4
F00:0028       _insertInLinkedList
F00:0029       	link.w	a5,#-56
               S01:00000030:  4E 55 FF C8
F00:0030       	movem.l	l15,-(a7)
               S01:00000034:  48 E7 30 38
F00:0031       	move.l	(12,a5),d3
               S01:00000038:  26 2D 00 0C
F00:0032       	move.w	(18,a5),d2
               S01:0000003C:  34 2D 00 12
F00:0033       	move.l	(8,a5),a4
               S01:00000040:  28 6D 00 08
F00:0034       	move.l	(-4,a5),a3
               S01:00000044:  26 6D FF FC
F00:0035       	move.l	a4,d1
               S01:00000048:  22 0C
F00:0036       	beq	l11
               S01:0000004A:  67 58
F00:0037       	tst.l	d3
               S01:0000004C:  4A 83
F00:0038       	beq	l11
               S01:0000004E:  67 54
F00:0039       	move.l	#14,-(a7)
               S01:00000050:  48 78 00 0E
F00:0040       	jsr	_malloc
               S01:00000054:  4E B9 00 00 00 00 [R]
F00:0041       	move.l	d0,a3
               S01:0000005A:  26 40
F00:0042       	moveq	#0,d1
               S01:0000005C:  72 00
F00:0043       	move.w	d2,d1
               S01:0000005E:  32 02
F00:0044       	move.l	d1,a0
               S01:00000060:  20 41
F00:0045       	move.l	a0,-(a7)
               S01:00000062:  2F 08
F00:0046       	jsr	_malloc
               S01:00000064:  4E B9 00 00 00 00 [R]
F00:0047       	move.l	d0,a2
               S01:0000006A:  24 40
F00:0048       	moveq	#0,d1
               S01:0000006C:  72 00
F00:0049       	move.w	d2,d1
               S01:0000006E:  32 02
F00:0050       	move.l	d1,a0
               S01:00000070:  20 41
F00:0051       	move.l	a0,-(a7)
               S01:00000072:  2F 08
F00:0052       	move.l	d3,-(a7)
               S01:00000074:  2F 03
F00:0053       	move.l	a2,-(a7)
               S01:00000076:  2F 0A
F00:0054       	jsr	_memcpy
               S01:00000078:  4E B9 00 00 00 00 [R]
F00:0055       	move.l	a2,(4,a3)
               S01:0000007E:  27 4A 00 04
F00:0056       	move.w	d2,(8,a3)
               S01:00000082:  37 42 00 08
F00:0057       	move.l	#0,(10,a3)
               S01:00000086:  42 AB 00 0A
F00:0058       	lea	(4,a4),a0
               S01:0000008A:  41 EC 00 04
F00:0059       	addq.w	#1,(a0)
               S01:0000008E:  52 50
F00:0060       	add.w	#20,a7
               S01:00000090:  4F EF 00 14
F00:0061       	tst.l	(6,a4)
               S01:00000094:  4A AC 00 06
F00:0062       	bne	l14
               S01:00000098:  66 02
F00:0063       	move.l	a3,(a4)
               S01:0000009A:  28 8B
F00:0064       l14
F00:0065       	move.l	(6,a4),(a3)
               S01:0000009C:  26 AC 00 06
F00:0066       	move.l	a3,(6,a4)
               S01:000000A0:  29 4B 00 06
F00:0067       l11
F00:0068       	move.l	a3,d0
               S01:000000A4:  20 0B
F00:0069       l15	reg	a2/a3/a4/d2/d3
F00:0070       	movem.l	(a7)+,a2/a3/a4/d2/d3
               S01:000000A6:  4C DF 1C 0C
F00:0071       	unlk	a5
               S01:000000AA:  4E 5D
F00:0072       	rts
               S01:000000AC:  4E 75
F00:0073       	opt o+,ol+,op+,oc+,ot+,oj+,ob+,om+
F00:0074       	public	_removeNodeInLinkedList
F00:0075       	cnop	0,4
F00:0076       _removeNodeInLinkedList
F00:0077       	link.w	a5,#0
               S01:000000B0:  4E 55 00 00
F00:0078       	movem.l	l32,-(a7)
               S01:000000B4:  48 E7 20 30
F00:0079       	moveq	#10,d2
               S01:000000B8:  74 0A
F00:0080       	move.l	(12,a5),a3
               S01:000000BA:  26 6D 00 0C
F00:0081       	move.l	(8,a5),a0
               S01:000000BE:  20 6D 00 08
F00:0082       	move.l	(a0),a2
               S01:000000C2:  24 50
F00:0083       	move.l	a2,d0
               S01:000000C4:  20 0A
F00:0084       	beq	l31
               S01:000000C6:  67 42
F00:0085       l30
F00:0086       	cmp.l	a2,a3
               S01:000000C8:  B7 CA
F00:0087       	bne	l24
               S01:000000CA:  66 34
F00:0088       	move.l	(4,a2),-(a7)
               S01:000000CC:  2F 2A 00 04
F00:0089       	jsr	_free
               S01:000000D0:  4E B9 00 00 00 00 [R]
F00:0090       	addq.w	#4,a7
               S01:000000D6:  58 4F
F00:0091       	tst.l	(a2)
               S01:000000D8:  4A 92
F00:0092       	beq	l26
               S01:000000DA:  67 0A
F00:0093       	lea	(a2,d2.l),a1
               S01:000000DC:  43 F2 28 00
F00:0094       	move.l	(a2),a0
               S01:000000E0:  20 52
F00:0095       	move.l	(a1),(0,a0,d2.l)
               S01:000000E2:  21 91 28 00
F00:0096       l26
F00:0097       	tst.l	(0,a2,d2.l)
               S01:000000E6:  4A B2 28 00
F00:0098       	beq	l28
               S01:000000EA:  67 06
F00:0099       	move.l	(0,a2,d2.l),a0
               S01:000000EC:  20 72 28 00
F00:0100       	move.l	(a2),(a0)
               S01:000000F0:  20 92
F00:0101       l28
F00:0102       	move.l	a2,-(a7)
               S01:000000F2:  2F 0A
F00:0103       	jsr	_free
               S01:000000F4:  4E B9 00 00 00 00 [R]
F00:0104       	move.l	#0,a2
               S01:000000FA:  95 CA
F00:0105       	addq.w	#4,a7
               S01:000000FC:  58 4F
F00:0106       	bra	l29
               S01:000000FE:  60 06
F00:0107       l24
F00:0108       	lea	(a2,d2.l),a0
               S01:00000100:  41 F2 28 00
F00:0109       	move.l	(a0),a2
               S01:00000104:  24 50
F00:0110       l29
F00:0111       	move.l	a2,d0
               S01:00000106:  20 0A
F00:0112       	bne	l30
               S01:00000108:  66 BE
F00:0113       l31
F00:0114       l32	reg	a2/a3/d2
F00:0115       	movem.l	(a7)+,a2/a3/d2
               S01:0000010A:  4C DF 0C 04
F00:0116       	unlk	a5
               S01:0000010E:  4E 5D
F00:0117       	rts
               S01:00000110:  4E 75
F00:0118       	public	_malloc
F00:0119       	public	_free
F00:0120       	public	_memcpy
F00:0121       	public	_memset
F00:0122       


Sections:
S01  CODE


Sources:
F00  linkedList.asm


Symbols:
l29 LAB (0x106) sec=CODE 
l28 LAB (0xf2) sec=CODE 
l26 LAB (0xe6) sec=CODE 
_free IMP EXPORT REF 
l24 LAB (0x100) sec=CODE 
l30 LAB (0xc8) sec=CODE 
l31 LAB (0x10a) sec=CODE 
l32 EXPR(3076=0xc04) EQU REGL 
_removeNodeInLinkedList LAB (0xb0) UNUSED EXPORT sec=CODE 
l14 LAB (0x9c) sec=CODE 
_memcpy IMP EXPORT REF 
l11 LAB (0xa4) sec=CODE 
l15 EXPR(7180=0x1c0c) EQU REGL 
_insertInLinkedList LAB (0x30) UNUSED EXPORT sec=CODE 
_memset IMP EXPORT REF 
l4 LAB (0x28) sec=CODE 
_malloc IMP EXPORT REF 
l5 EXPR(4=0x4) EQU REGL 
_createNewLinkedList LAB (0x0) UNUSED EXPORT sec=CODE 
_MOVEMBYTES EXPR(12=0xc) INTERNAL 
 MOVEMSIZE EXPR(4=0x4) INTERNAL 
_MOVEMREGS EXPR(3076=0xc04) INTERNAL 
__LINE__ EXPR(122=0x7a) INTERNAL 
__FO EXPR(0=0x0) INTERNAL 
__RS EXPR(0=0x0) INTERNAL 
REPTN EXPR(-1=0xffffffff) INTERNAL 
__VASM EXPR(1=0x1) INTERNAL 
__UNIXFS EXPR(0=0x0) INTERNAL 

There have been no errors.
