F00:0001       	idnt	"src/archer.c"
F00:0002       	opt o+,ol+,op+,oc+,ot+,oj+,ob+,om+
F00:0003       	section	"CODE",code
F00:0004       	public	_initArchers
F00:0005       	cnop	0,4
F00:0006       _initArchers
F00:0007       	link.w	a5,#0
               S01:00000000:  4E 55 00 00
F00:0008       	movem.l	l16,-(a7)
               S01:00000004:  48 E7 38 20
F00:0009       	pea	l3
               S01:00000008:  48 7A 00 DA
F00:0010       	jsr	_fopen
               S01:0000000C:  4E B9 00 00 00 00 [R]
F00:0011       	move.l	d0,a2
               S01:00000012:  24 40
F00:0012       	move.l	(4,a2),d0
               S01:00000014:  20 2A 00 04
F00:0013       	subq.l	#2,d0
               S01:00000018:  55 80
F00:0014       	move.l	d0,a0
               S01:0000001A:  20 40
F00:0015       	move.l	a0,-(a7)
               S01:0000001C:  2F 08
F00:0016       	move.l	(a2),a0
               S01:0000001E:  20 52
F00:0017       	pea	(2,a0)
               S01:00000020:  48 68 00 02
F00:0018       	pea	76+_colorBuffer
               S01:00000024:  48 79 00 00 00 4C [R]
F00:0019       	jsr	_memcpy
               S01:0000002A:  4E B9 00 00 00 00 [R]
F00:0020       	move.l	d0,a1
               S01:00000030:  22 40
F00:0021       	jsr	_VDP_CommitColorBuffer
               S01:00000032:  4E B9 00 00 00 00 [R]
F00:0022       	move.l	a2,-(a7)
               S01:00000038:  2F 0A
F00:0023       	jsr	_fclose
               S01:0000003A:  4E B9 00 00 00 00 [R]
F00:0024       	moveq	#0,d2
               S01:00000040:  74 00
F00:0025       	add.w	#20,a7
               S01:00000042:  4F EF 00 14
F00:0026       	bne	l14
               S01:00000046:  66 00 00 94
F00:0027       l12
F00:0028       	moveq	#0,d0
               S01:0000004A:  70 00
F00:0029       	move.b	d2,d0
               S01:0000004C:  10 02
F00:0030       	lsl.l	#5,d0
               S01:0000004E:  EB 88
F00:0031       	lea	_archerGraphicsStrings,a0
               S01:00000050:  41 F9 00 00 00 00 [R]
F00:0032       	pea	(0,a0,d0.l)
               S01:00000056:  48 70 08 00
F00:0033       	jsr	_fopen
               S01:0000005A:  4E B9 00 00 00 00 [R]
F00:0034       	move.l	d0,a2
               S01:00000060:  24 40
F00:0035       	move.l	(4,a2),-(a7)
               S01:00000062:  2F 2A 00 04
F00:0036       	jsr	_malloc
               S01:00000066:  4E B9 00 00 00 00 [R]
F00:0037       	moveq	#0,d1
               S01:0000006C:  72 00
F00:0038       	move.b	d2,d1
               S01:0000006E:  12 02
F00:0039       	lsl.l	#3,d1
               S01:00000070:  E7 89
F00:0040       	lea	_walkFrames,a0
               S01:00000072:  41 F9 00 00 00 08 [R]
F00:0041       	move.l	d0,(4,a0,d1.l)
               S01:00000078:  21 80 18 04
F00:0042       	moveq	#0,d2
               S01:0000007C:  74 00
F00:0043       	moveq	#0,d0
               S01:0000007E:  70 00
F00:0044       	move.b	d2,d0
               S01:00000080:  10 02
F00:0045       	addq.w	#8,a7
               S01:00000082:  50 4F
F00:0046       	cmp.l	(4,a2),d0
               S01:00000084:  B0 AA 00 04
F00:0047       	bge	l15
               S01:00000088:  6C 42
F00:0048       l13
F00:0049       	moveq	#0,d0
               S01:0000008A:  70 00
F00:0050       	move.b	d2,d0
               S01:0000008C:  10 02
F00:0051       	lsl.l	#3,d0
               S01:0000008E:  E7 88
F00:0052       	lea	_walkFrames,a0
               S01:00000090:  41 F9 00 00 00 08 [R]
F00:0053       	add.l	d0,a0
               S01:00000096:  D1 C0
F00:0054       	moveq	#0,d0
               S01:00000098:  70 00
F00:0055       	move.b	d2,d0
               S01:0000009A:  10 02
F00:0056       	move.l	(4,a0),a0
               S01:0000009C:  20 68 00 04
F00:0057       	add.l	d0,a0
               S01:000000A0:  D1 C0
F00:0058       	moveq	#0,d0
               S01:000000A2:  70 00
F00:0059       	move.b	(a0),d0
               S01:000000A4:  10 10
F00:0060       	moveq	#5,d1
               S01:000000A6:  72 05
F00:0061       	move.l	d0,d3
               S01:000000A8:  26 00
F00:0062       	move.l	d1,d4
               S01:000000AA:  28 01
F00:0063       	swap	d3
               S01:000000AC:  48 43
F00:0064       	swap	d4
               S01:000000AE:  48 44
F00:0065       	mulu.w	d1,d3
               S01:000000B0:  C6 C1
F00:0066       	mulu.w	d0,d4
               S01:000000B2:  C8 C0
F00:0067       	mulu.w	d1,d0
               S01:000000B4:  C0 C1
F00:0068       	add.w	d4,d3
               S01:000000B6:  D6 44
F00:0069       	swap	d3
               S01:000000B8:  48 43
F00:0070       	clr.w	d3
               S01:000000BA:  42 43
F00:0071       	add.l	d3,d0
               S01:000000BC:  D0 83
F00:0072       	move.b	d0,(a0)
               S01:000000BE:  10 80
F00:0073       	addq.b	#1,d2
               S01:000000C0:  52 02
F00:0074       	moveq	#0,d0
               S01:000000C2:  70 00
F00:0075       	move.b	d2,d0
               S01:000000C4:  10 02
F00:0076       	cmp.l	(4,a2),d0
               S01:000000C6:  B0 AA 00 04
F00:0077       	blt	l13
               S01:000000CA:  6D BE
F00:0078       l15
F00:0079       	move.l	a2,-(a7)
               S01:000000CC:  2F 0A
F00:0080       	jsr	_fclose
               S01:000000CE:  4E B9 00 00 00 00 [R]
F00:0081       	addq.b	#1,d2
               S01:000000D4:  52 02
F00:0082       	addq.w	#4,a7
               S01:000000D6:  58 4F
F00:0083       	beq	l12
               S01:000000D8:  67 00 FF 70
F00:0084       l14
F00:0085       l16	reg	a2/d2/d3/d4
F00:0086       	movem.l	(a7)+,a2/d2/d3/d4
               S01:000000DC:  4C DF 04 1C
F00:0087       	unlk	a5
               S01:000000E0:  4E 5D
F00:0088       	rts
               S01:000000E2:  4E 75
F00:0089       	cnop	0,4
F00:0090       l3
F00:0091       	dc.b	97
               S01:000000E4:  61
F00:0092       	dc.b	114
               S01:000000E5:  72
F00:0093       	dc.b	99
               S01:000000E6:  63
F00:0094       	dc.b	104
               S01:000000E7:  68
F00:0095       	dc.b	101
               S01:000000E8:  65
F00:0096       	dc.b	114
               S01:000000E9:  72
F00:0097       	dc.b	47
               S01:000000EA:  2F
F00:0098       	dc.b	97
               S01:000000EB:  61
F00:0099       	dc.b	114
               S01:000000EC:  72
F00:0100       	dc.b	99
               S01:000000ED:  63
F00:0101       	dc.b	104
               S01:000000EE:  68
F00:0102       	dc.b	101
               S01:000000EF:  65
F00:0103       	dc.b	114
               S01:000000F0:  72
F00:0104       	dc.b	67
               S01:000000F1:  43
F00:0105       	dc.b	111
               S01:000000F2:  6F
F00:0106       	dc.b	108
               S01:000000F3:  6C
F00:0107       	dc.b	111
               S01:000000F4:  6F
F00:0108       	dc.b	114
               S01:000000F5:  72
F00:0109       	dc.b	46
               S01:000000F6:  2E
F00:0110       	dc.b	98
               S01:000000F7:  62
F00:0111       	dc.b	105
               S01:000000F8:  69
F00:0112       	dc.b	110
               S01:000000F9:  6E
F00:0113       	dc.b	0
               S01:000000FA:  00
F00:0114       	opt o+,ol+,op+,oc+,ot+,oj+,ob+,om+
F00:0115       	public	_spawnArcher
F00:0116       	cnop	0,4
F00:0117       _spawnArcher
F00:0118       	link.w	a5,#0
               S01:000000FC:  4E 55 00 00
F00:0119       	movem.l	l24,-(a7)
F00:0120       	pea	_archerActor
               S01:00000100:  48 79 00 00 00 40 [R]
F00:0121       	jsr	_spawnSprite
               S01:00000106:  4E B9 00 00 00 00 [R]
F00:0122       	addq.w	#4,a7
               S01:0000010C:  58 4F
F00:0123       l24	reg
F00:0124       	unlk	a5
               S01:0000010E:  4E 5D
F00:0125       	rts
               S01:00000110:  4E 75
F00:0126       	public	_archerGraphicsStrings
F00:0127       	section	"DATA",data
F00:0128       	cnop	0,4
F00:0129       _archerGraphicsStrings
F00:0130       	dc.b	97
               S02:00000000:  61
F00:0131       	dc.b	114
               S02:00000001:  72
F00:0132       	dc.b	99
               S02:00000002:  63
F00:0133       	dc.b	104
               S02:00000003:  68
F00:0134       	dc.b	101
               S02:00000004:  65
F00:0135       	dc.b	114
               S02:00000005:  72
F00:0136       	dc.b	47
               S02:00000006:  2F
F00:0137       	dc.b	97
               S02:00000007:  61
F00:0138       	dc.b	114
               S02:00000008:  72
F00:0139       	dc.b	99
               S02:00000009:  63
F00:0140       	dc.b	104
               S02:0000000A:  68
F00:0141       	dc.b	101
               S02:0000000B:  65
F00:0142       	dc.b	114
               S02:0000000C:  72
F00:0143       	dc.b	87
               S02:0000000D:  57
F00:0144       	dc.b	97
               S02:0000000E:  61
F00:0145       	dc.b	108
               S02:0000000F:  6C
F00:0146       	dc.b	107
               S02:00000010:  6B
F00:0147       	dc.b	49
               S02:00000011:  31
F00:0148       	dc.b	95
               S02:00000012:  5F
F00:0149       	dc.b	103
               S02:00000013:  67
F00:0150       	dc.b	102
               S02:00000014:  66
F00:0151       	dc.b	120
               S02:00000015:  78
F00:0152       	dc.b	46
               S02:00000016:  2E
F00:0153       	dc.b	98
               S02:00000017:  62
F00:0154       	dc.b	105
               S02:00000018:  69
F00:0155       	dc.b	110
               S02:00000019:  6E
F00:0156       	dc.b	0
               S02:0000001A:  00
F00:0157       	ds.b	5
F00:0158       	public	_archerTileMapStrings
F00:0159       	cnop	0,4
F00:0160       _archerTileMapStrings
F00:0161       	dc.b	97
               S02:00000020:  61
F00:0162       	dc.b	114
               S02:00000021:  72
F00:0163       	dc.b	99
               S02:00000022:  63
F00:0164       	dc.b	104
               S02:00000023:  68
F00:0165       	dc.b	101
               S02:00000024:  65
F00:0166       	dc.b	114
               S02:00000025:  72
F00:0167       	dc.b	47
               S02:00000026:  2F
F00:0168       	dc.b	97
               S02:00000027:  61
F00:0169       	dc.b	114
               S02:00000028:  72
F00:0170       	dc.b	99
               S02:00000029:  63
F00:0171       	dc.b	104
               S02:0000002A:  68
F00:0172       	dc.b	101
               S02:0000002B:  65
F00:0173       	dc.b	114
               S02:0000002C:  72
F00:0174       	dc.b	87
               S02:0000002D:  57
F00:0175       	dc.b	97
               S02:0000002E:  61
F00:0176       	dc.b	108
               S02:0000002F:  6C
F00:0177       	dc.b	107
               S02:00000030:  6B
F00:0178       	dc.b	49
               S02:00000031:  31
F00:0179       	dc.b	95
               S02:00000032:  5F
F00:0180       	dc.b	116
               S02:00000033:  74
F00:0181       	dc.b	105
               S02:00000034:  69
F00:0182       	dc.b	108
               S02:00000035:  6C
F00:0183       	dc.b	101
               S02:00000036:  65
F00:0184       	dc.b	109
               S02:00000037:  6D
F00:0185       	dc.b	97
               S02:00000038:  61
F00:0186       	dc.b	112
               S02:00000039:  70
F00:0187       	dc.b	46
               S02:0000003A:  2E
F00:0188       	dc.b	98
               S02:0000003B:  62
F00:0189       	dc.b	105
               S02:0000003C:  69
F00:0190       	dc.b	110
               S02:0000003D:  6E
F00:0191       	dc.b	0
               S02:0000003E:  00
F00:0192       	ds.b	1
F00:0193       	public	_archerActor
F00:0194       	cnop	0,4
F00:0195       _archerActor
F00:0196       	dc.l	0
               S02:00000040:  00 00 00 00
F00:0197       	dc.b	2
               S02:00000044:  02
F00:0198       	ds.b	1
F00:0199       	dc.w	0
               S02:00000046:  00 00
F00:0200       	dc.b	0
               S02:00000048:  00
F00:0201       	ds.b	1
F00:0202       	dc.l	0
               S02:0000004A:  00 00 00 00
F00:0203       	dc.w	0
               S02:0000004E:  00 00
F00:0204       	dc.w	0
               S02:00000050:  00 00
F00:0205       	public	_memcpy
F00:0206       	public	_VDP_CommitColorBuffer
F00:0207       	public	_colorBuffer
F00:0208       	public	_spawnSprite
F00:0209       	public	_malloc
F00:0210       	public	_fopen
F00:0211       	public	_fclose
F00:0212       	public	_idle
F00:0213       	section	"BSS",bss
F00:0214       	cnop	0,4
F00:0215       _idle
F00:0216       	ds.b	8
F00:0217       	public	_walkFrames
F00:0218       	cnop	0,4
F00:0219       _walkFrames
F00:0220       	ds.b	8
F00:0221       


Sections:
S01  CODE
S02  DATA
S03  BSS


Sources:
F00  archer.asm


Symbols:
_idle LAB (0x0) UNUSED EXPORT sec=BSS 
_archerTileMapStrings LAB (0x20) UNUSED EXPORT sec=DATA 
_spawnSprite IMP EXPORT REF 
_archerActor LAB (0x40) EXPORT REF sec=DATA 
l24 EXPR(0=0x0) EQU REGL 
_spawnArcher LAB (0xfc) UNUSED EXPORT sec=CODE 
l13 LAB (0x8a) sec=CODE 
l15 LAB (0xcc) sec=CODE 
_walkFrames LAB (0x8) EXPORT REF sec=BSS 
_malloc IMP EXPORT REF 
_archerGraphicsStrings LAB (0x0) EXPORT REF sec=DATA 
l12 LAB (0x4a) sec=CODE 
l14 LAB (0xdc) sec=CODE 
_fclose IMP EXPORT REF 
_VDP_CommitColorBuffer IMP EXPORT REF 
_memcpy IMP EXPORT REF 
_colorBuffer IMP EXPORT REF 
_fopen IMP EXPORT REF 
l3 LAB (0xe4) sec=CODE 
l16 EXPR(1052=0x41c) EQU REGL 
_initArchers LAB (0x0) UNUSED EXPORT sec=CODE 
_MOVEMBYTES EXPR(complex expression) INTERNAL 
 MOVEMSIZE EXPR(4=0x4) INTERNAL 
_MOVEMREGS EXPR(0=0x0) INTERNAL 
__LINE__ EXPR(221=0xdd) INTERNAL 
__FO EXPR(0=0x0) INTERNAL 
__RS EXPR(0=0x0) INTERNAL 
REPTN EXPR(-1=0xffffffff) INTERNAL 
__VASM EXPR(1=0x1) INTERNAL 
__UNIXFS EXPR(0=0x0) INTERNAL 

There have been no errors.
