F00:0001       	idnt	"src/player.c"
F00:0002       	opt o+,ol+,op+,oc+,ot+,oj+,ob+,om+
F00:0003       	section	"CODE",code
F00:0004       	public	_knightTestMethod
F00:0005       	cnop	0,4
F00:0006       _knightTestMethod
F00:0007       	link.w	a5,#0
               S01:00000000:  4E 55 00 00
F00:0008       	movem.l	l29,-(a7)
               S01:00000004:  48 E7 3E 00
F00:0009       	moveq	#2,d3
               S01:00000008:  76 02
F00:0010       	moveq	#1,d2
               S01:0000000A:  74 01
F00:0011       	move.b	#0,l3
               S01:0000000C:  42 39 00 00 00 08 [R]
F00:0012       	move.l	#8,-(a7)
               S01:00000012:  48 78 00 08
F00:0013       	jsr	_isButtonHeldDown
               S01:00000016:  4E B9 00 00 00 00 [R]
F00:0014       	addq.w	#4,a7
               S01:0000001C:  58 4F
F00:0015       	tst.b	d0
               S01:0000001E:  4A 00
F00:0016       	beq	l11
               S01:00000020:  67 12
F00:0017       	move.l	_thisActor,a0
               S01:00000022:  20 79 00 00 00 00 [R]
F00:0018       	add.l	#14,a0
               S01:00000028:  41 E8 00 0E
F00:0019       	addq.w	#1,(a0)
               S01:0000002C:  52 50
F00:0020       	move.b	d2,l3
               S01:0000002E:  13 C2 00 00 00 08 [R]
F00:0021       l11
F00:0022       	move.l	#4,-(a7)
               S01:00000034:  48 78 00 04
F00:0023       	jsr	_isButtonHeldDown
               S01:00000038:  4E B9 00 00 00 00 [R]
F00:0024       	addq.w	#4,a7
               S01:0000003E:  58 4F
F00:0025       	tst.b	d0
               S01:00000040:  4A 00
F00:0026       	beq	l13
               S01:00000042:  67 12
F00:0027       	move.l	_thisActor,a0
               S01:00000044:  20 79 00 00 00 00 [R]
F00:0028       	add.l	#14,a0
               S01:0000004A:  41 E8 00 0E
F00:0029       	subq.w	#1,(a0)
               S01:0000004E:  53 50
F00:0030       	move.b	d2,l3
               S01:00000050:  13 C2 00 00 00 08 [R]
F00:0031       l13
F00:0032       	move.l	d3,-(a7)
               S01:00000056:  2F 03
F00:0033       	jsr	_isButtonHeldDown
               S01:00000058:  4E B9 00 00 00 00 [R]
F00:0034       	addq.w	#4,a7
               S01:0000005E:  58 4F
F00:0035       	tst.b	d0
               S01:00000060:  4A 00
F00:0036       	beq	l15
               S01:00000062:  67 12
F00:0037       	move.l	_thisActor,a0
               S01:00000064:  20 79 00 00 00 00 [R]
F00:0038       	add.l	#16,a0
               S01:0000006A:  41 E8 00 10
F00:0039       	addq.w	#1,(a0)
               S01:0000006E:  52 50
F00:0040       	move.b	d2,l3
               S01:00000070:  13 C2 00 00 00 08 [R]
F00:0041       l15
F00:0042       	move.l	#1,-(a7)
               S01:00000076:  48 78 00 01
F00:0043       	jsr	_isButtonHeldDown
               S01:0000007A:  4E B9 00 00 00 00 [R]
F00:0044       	addq.w	#4,a7
               S01:00000080:  58 4F
F00:0045       	tst.b	d0
               S01:00000082:  4A 00
F00:0046       	beq	l17
               S01:00000084:  67 12
F00:0047       	move.l	_thisActor,a0
               S01:00000086:  20 79 00 00 00 00 [R]
F00:0048       	add.l	#16,a0
               S01:0000008C:  41 E8 00 10
F00:0049       	subq.w	#1,(a0)
               S01:00000090:  53 50
F00:0050       	move.b	d2,l3
               S01:00000092:  13 C2 00 00 00 08 [R]
F00:0051       l17
F00:0052       	tst.b	l3
               S01:00000098:  4A 39 00 00 00 08 [R]
F00:0053       	bne	l19
               S01:0000009E:  66 00 00 DA
F00:0054       	move.l	#15,-(a7)
               S01:000000A2:  48 78 00 0F
F00:0055       	jsr	_isButtonJustReleased
               S01:000000A6:  4E B9 00 00 00 00 [R]
F00:0056       	addq.w	#4,a7
               S01:000000AC:  58 4F
F00:0057       	tst.b	d0
               S01:000000AE:  4A 00
F00:0058       	beq	l19
               S01:000000B0:  67 00 00 C8
F00:0059       	pea	l21
               S01:000000B4:  48 7A 02 36
F00:0060       	jsr	_fopen
               S01:000000B8:  4E B9 00 00 00 00 [R]
F00:0061       	move.l	d0,l7
               S01:000000BE:  23 C0 00 00 00 18 [R]
F00:0062       	move.l	l1,-(a7)
               S01:000000C4:  2F 39 00 00 00 00 [R]
F00:0063       	jsr	_VDP_FreeVram
               S01:000000CA:  4E B9 00 00 00 00 [R]
F00:0064       	move.l	l7,a0
               S01:000000D0:  20 79 00 00 00 18 [R]
F00:0065       	move.l	(4,a0),d0
               S01:000000D6:  20 28 00 04
F00:0066       	bge	l32
               S01:000000DA:  6C 06
F00:0067       	add.l	#31,d0
               S01:000000DC:  D0 BC 00 00 00 1F
F00:0068       l32:
F00:0069       	asr.l	#5,d0
               S01:000000E2:  EA 80
F00:0070       	move.l	d0,-(a7)
               S01:000000E4:  2F 00
F00:0071       	jsr	_VDP_AllocVram
               S01:000000E6:  4E B9 00 00 00 00 [R]
F00:0072       	move.l	d0,l1
               S01:000000EC:  23 C0 00 00 00 00 [R]
F00:0073       	move.l	d3,-(a7)
               S01:000000F2:  2F 03
F00:0074       	move.l	l7,a0
               S01:000000F4:  20 79 00 00 00 18 [R]
F00:0075       	move.l	(a0),-(a7)
               S01:000000FA:  2F 10
F00:0076       	move.l	l7,a0
               S01:000000FC:  20 79 00 00 00 18 [R]
F00:0077       	move.l	(4,a0),-(a7)
               S01:00000102:  2F 28 00 04
F00:0078       	move.l	l1,a0
               S01:00000106:  20 79 00 00 00 00 [R]
F00:0079       	moveq	#0,d0
               S01:0000010C:  70 00
F00:0080       	move.w	(0,a0,d3.l),d0
               S01:0000010E:  30 30 38 00
F00:0081       	move.l	d0,a0
               S01:00000112:  20 40
F00:0082       	move.l	a0,-(a7)
               S01:00000114:  2F 08
F00:0083       	jsr	_DMA_MemoryToVram
               S01:00000116:  4E B9 00 00 00 00 [R]
F00:0084       	move.l	l7,-(a7)
               S01:0000011C:  2F 39 00 00 00 18 [R]
F00:0085       	jsr	_fclose
               S01:00000122:  4E B9 00 00 00 00 [R]
F00:0086       	jsr	_VDP_CommitSpriteBuffer
               S01:00000128:  4E B9 00 00 00 00 [R]
F00:0087       	pea	l22
               S01:0000012E:  48 7A 01 D4
F00:0088       	jsr	_fopen
               S01:00000132:  4E B9 00 00 00 00 [R]
F00:0089       	move.l	d0,l7
               S01:00000138:  23 C0 00 00 00 18 [R]
F00:0090       	move.l	l7,a0
               S01:0000013E:  20 79 00 00 00 18 [R]
F00:0091       	move.l	(4,a0),a0
               S01:00000144:  20 68 00 04
F00:0092       	move.l	a0,-(a7)
               S01:00000148:  2F 08
F00:0093       	move.l	l7,a0
               S01:0000014A:  20 79 00 00 00 18 [R]
F00:0094       	move.l	(a0),-(a7)
               S01:00000150:  2F 10
F00:0095       	move.l	l2,-(a7)
               S01:00000152:  2F 39 00 00 00 04 [R]
F00:0096       	jsr	_memcpy
               S01:00000158:  4E B9 00 00 00 00 [R]
F00:0097       	move.l	d0,a1
               S01:0000015E:  22 40
F00:0098       	move.l	l7,-(a7)
               S01:00000160:  2F 39 00 00 00 18 [R]
F00:0099       	jsr	_fclose
               S01:00000166:  4E B9 00 00 00 00 [R]
F00:0100       	move.l	#0,l5
               S01:0000016C:  42 B9 00 00 00 10 [R]
F00:0101       	add.w	#52,a7
               S01:00000172:  4F EF 00 34
F00:0102       	bra	l26
               S01:00000176:  60 00 01 6A
F00:0103       l19
F00:0104       	tst.b	l3
               S01:0000017A:  4A 39 00 00 00 08 [R]
F00:0105       	beq	l26
               S01:00000180:  67 00 01 60
F00:0106       	add.l	#8192,l5
               S01:00000184:  06 B9 00 00 20 00 00 00 00 10 [R]
F00:0107       	cmp.l	#131072,l5
               S01:0000018E:  0C B9 00 02 00 00 00 00 00 10 [R]
F00:0108       	blt	l26
               S01:00000198:  6D 00 01 48
F00:0109       	move.l	#0,l5
               S01:0000019C:  42 B9 00 00 00 10 [R]
F00:0110       	add.b	d2,l4
               S01:000001A2:  D5 39 00 00 00 0C [R]
F00:0111       	cmp.b	#4,l4
               S01:000001A8:  0C 39 00 04 00 00 00 0C [R]
F00:0112       	bcs	l28
               S01:000001B0:  65 06
F00:0113       	move.b	#0,l4
               S01:000001B2:  42 39 00 00 00 0C [R]
F00:0114       l28
F00:0115       	moveq	#0,d0
               S01:000001B8:  70 00
F00:0116       	move.b	l4,d0
               S01:000001BA:  10 39 00 00 00 0C [R]
F00:0117       	moveq	#33,d4
               S01:000001C0:  78 21
F00:0118       	move.l	d0,d5
               S01:000001C2:  2A 00
F00:0119       	move.l	d4,d6
               S01:000001C4:  2C 04
F00:0120       	swap	d5
               S01:000001C6:  48 45
F00:0121       	swap	d6
               S01:000001C8:  48 46
F00:0122       	mulu.w	d4,d5
               S01:000001CA:  CA C4
F00:0123       	mulu.w	d0,d6
               S01:000001CC:  CC C0
F00:0124       	mulu.w	d4,d0
               S01:000001CE:  C0 C4
F00:0125       	add.w	d6,d5
               S01:000001D0:  DA 46
F00:0126       	swap	d5
               S01:000001D2:  48 45
F00:0127       	clr.w	d5
               S01:000001D4:  42 45
F00:0128       	add.l	d5,d0
               S01:000001D6:  D0 85
F00:0129       	lea	_knightAnimationRunGFXFiles,a0
               S01:000001D8:  41 F9 00 00 00 00 [R]
F00:0130       	pea	(0,a0,d0.l)
               S01:000001DE:  48 70 08 00
F00:0131       	jsr	_fopen
               S01:000001E2:  4E B9 00 00 00 00 [R]
F00:0132       	move.l	d0,l7
               S01:000001E8:  23 C0 00 00 00 18 [R]
F00:0133       	move.l	l1,-(a7)
               S01:000001EE:  2F 39 00 00 00 00 [R]
F00:0134       	jsr	_VDP_FreeVram
               S01:000001F4:  4E B9 00 00 00 00 [R]
F00:0135       	move.l	l7,a0
               S01:000001FA:  20 79 00 00 00 18 [R]
F00:0136       	move.l	(4,a0),d0
               S01:00000200:  20 28 00 04
F00:0137       	bge	l33
               S01:00000204:  6C 06
F00:0138       	add.l	#31,d0
               S01:00000206:  D0 BC 00 00 00 1F
F00:0139       l33:
F00:0140       	asr.l	#5,d0
               S01:0000020C:  EA 80
F00:0141       	move.l	d0,-(a7)
               S01:0000020E:  2F 00
F00:0142       	jsr	_VDP_AllocVram
               S01:00000210:  4E B9 00 00 00 00 [R]
F00:0143       	move.l	d0,l1
               S01:00000216:  23 C0 00 00 00 00 [R]
F00:0144       	move.l	d3,-(a7)
               S01:0000021C:  2F 03
F00:0145       	move.l	l7,a0
               S01:0000021E:  20 79 00 00 00 18 [R]
F00:0146       	move.l	(a0),-(a7)
               S01:00000224:  2F 10
F00:0147       	move.l	l7,a0
               S01:00000226:  20 79 00 00 00 18 [R]
F00:0148       	move.l	(4,a0),-(a7)
               S01:0000022C:  2F 28 00 04
F00:0149       	move.l	l1,a0
               S01:00000230:  20 79 00 00 00 00 [R]
F00:0150       	moveq	#0,d0
               S01:00000236:  70 00
F00:0151       	move.w	(0,a0,d3.l),d0
               S01:00000238:  30 30 38 00
F00:0152       	move.l	d0,a0
               S01:0000023C:  20 40
F00:0153       	move.l	a0,-(a7)
               S01:0000023E:  2F 08
F00:0154       	jsr	_DMA_MemoryToVram
               S01:00000240:  4E B9 00 00 00 00 [R]
F00:0155       	move.l	l7,-(a7)
               S01:00000246:  2F 39 00 00 00 18 [R]
F00:0156       	jsr	_fclose
               S01:0000024C:  4E B9 00 00 00 00 [R]
F00:0157       	jsr	_VDP_CommitSpriteBuffer
               S01:00000252:  4E B9 00 00 00 00 [R]
F00:0158       	moveq	#0,d0
               S01:00000258:  70 00
F00:0159       	move.b	l4,d0
               S01:0000025A:  10 39 00 00 00 0C [R]
F00:0160       	moveq	#37,d4
               S01:00000260:  78 25
F00:0161       	move.l	d0,d5
               S01:00000262:  2A 00
F00:0162       	move.l	d4,d6
               S01:00000264:  2C 04
F00:0163       	swap	d5
               S01:00000266:  48 45
F00:0164       	swap	d6
               S01:00000268:  48 46
F00:0165       	mulu.w	d4,d5
               S01:0000026A:  CA C4
F00:0166       	mulu.w	d0,d6
               S01:0000026C:  CC C0
F00:0167       	mulu.w	d4,d0
               S01:0000026E:  C0 C4
F00:0168       	add.w	d6,d5
               S01:00000270:  DA 46
F00:0169       	swap	d5
               S01:00000272:  48 45
F00:0170       	clr.w	d5
               S01:00000274:  42 45
F00:0171       	add.l	d5,d0
               S01:00000276:  D0 85
F00:0172       	lea	_knightAnimationRunTilemapFiles,a0
               S01:00000278:  41 F9 00 00 00 84 [R]
F00:0173       	pea	(0,a0,d0.l)
               S01:0000027E:  48 70 08 00
F00:0174       	jsr	_fopen
               S01:00000282:  4E B9 00 00 00 00 [R]
F00:0175       	move.l	d0,l7
               S01:00000288:  23 C0 00 00 00 18 [R]
F00:0176       	move.l	l2,-(a7)
               S01:0000028E:  2F 39 00 00 00 04 [R]
F00:0177       	jsr	_free
               S01:00000294:  4E B9 00 00 00 00 [R]
F00:0178       	move.l	l7,a0
               S01:0000029A:  20 79 00 00 00 18 [R]
F00:0179       	move.l	(4,a0),-(a7)
               S01:000002A0:  2F 28 00 04
F00:0180       	jsr	_malloc
               S01:000002A4:  4E B9 00 00 00 00 [R]
F00:0181       	move.l	d0,l2
               S01:000002AA:  23 C0 00 00 00 04 [R]
F00:0182       	move.l	l7,a0
               S01:000002B0:  20 79 00 00 00 18 [R]
F00:0183       	move.l	(4,a0),a0
               S01:000002B6:  20 68 00 04
F00:0184       	move.l	a0,-(a7)
               S01:000002BA:  2F 08
F00:0185       	move.l	l7,a0
               S01:000002BC:  20 79 00 00 00 18 [R]
F00:0186       	move.l	(a0),-(a7)
               S01:000002C2:  2F 10
F00:0187       	move.l	l2,-(a7)
               S01:000002C4:  2F 39 00 00 00 04 [R]
F00:0188       	jsr	_memcpy
               S01:000002CA:  4E B9 00 00 00 00 [R]
F00:0189       	move.l	d0,d1
               S01:000002D0:  22 00
F00:0190       	move.l	l7,-(a7)
               S01:000002D2:  2F 39 00 00 00 18 [R]
F00:0191       	jsr	_fclose
               S01:000002D8:  4E B9 00 00 00 00 [R]
F00:0192       	add.w	#60,a7
               S01:000002DE:  4F EF 00 3C
F00:0193       l26
F00:0194       l29	reg	d2/d3/d4/d5/d6
F00:0195       	movem.l	(a7)+,d2/d3/d4/d5/d6
               S01:000002E2:  4C DF 00 7C
F00:0196       	unlk	a5
               S01:000002E6:  4E 5D
F00:0197       	rts
               S01:000002E8:  4E 75
F00:0198       	cnop	0,4
F00:0199       l21
F00:0200       	dc.b	107
               S01:000002EC:  6B
F00:0201       	dc.b	110
               S01:000002ED:  6E
F00:0202       	dc.b	105
               S01:000002EE:  69
F00:0203       	dc.b	103
               S01:000002EF:  67
F00:0204       	dc.b	104
               S01:000002F0:  68
F00:0205       	dc.b	116
               S01:000002F1:  74
F00:0206       	dc.b	47
               S01:000002F2:  2F
F00:0207       	dc.b	107
               S01:000002F3:  6B
F00:0208       	dc.b	110
               S01:000002F4:  6E
F00:0209       	dc.b	105
               S01:000002F5:  69
F00:0210       	dc.b	103
               S01:000002F6:  67
F00:0211       	dc.b	104
               S01:000002F7:  68
F00:0212       	dc.b	116
               S01:000002F8:  74
F00:0213       	dc.b	95
               S01:000002F9:  5F
F00:0214       	dc.b	103
               S01:000002FA:  67
F00:0215       	dc.b	102
               S01:000002FB:  66
F00:0216       	dc.b	120
               S01:000002FC:  78
F00:0217       	dc.b	46
               S01:000002FD:  2E
F00:0218       	dc.b	98
               S01:000002FE:  62
F00:0219       	dc.b	105
               S01:000002FF:  69
F00:0220       	dc.b	110
               S01:00000300:  6E
F00:0221       	dc.b	0
               S01:00000301:  00
F00:0222       	cnop	0,4
F00:0223       l22
F00:0224       	dc.b	107
               S01:00000304:  6B
F00:0225       	dc.b	110
               S01:00000305:  6E
F00:0226       	dc.b	105
               S01:00000306:  69
F00:0227       	dc.b	103
               S01:00000307:  67
F00:0228       	dc.b	104
               S01:00000308:  68
F00:0229       	dc.b	116
               S01:00000309:  74
F00:0230       	dc.b	47
               S01:0000030A:  2F
F00:0231       	dc.b	107
               S01:0000030B:  6B
F00:0232       	dc.b	110
               S01:0000030C:  6E
F00:0233       	dc.b	105
               S01:0000030D:  69
F00:0234       	dc.b	103
               S01:0000030E:  67
F00:0235       	dc.b	104
               S01:0000030F:  68
F00:0236       	dc.b	116
               S01:00000310:  74
F00:0237       	dc.b	95
               S01:00000311:  5F
F00:0238       	dc.b	116
               S01:00000312:  74
F00:0239       	dc.b	105
               S01:00000313:  69
F00:0240       	dc.b	108
               S01:00000314:  6C
F00:0241       	dc.b	101
               S01:00000315:  65
F00:0242       	dc.b	109
               S01:00000316:  6D
F00:0243       	dc.b	97
               S01:00000317:  61
F00:0244       	dc.b	112
               S01:00000318:  70
F00:0245       	dc.b	95
               S01:00000319:  5F
F00:0246       	dc.b	115
               S01:0000031A:  73
F00:0247       	dc.b	109
               S01:0000031B:  6D
F00:0248       	dc.b	97
               S01:0000031C:  61
F00:0249       	dc.b	108
               S01:0000031D:  6C
F00:0250       	dc.b	108
               S01:0000031E:  6C
F00:0251       	dc.b	101
               S01:0000031F:  65
F00:0252       	dc.b	114
               S01:00000320:  72
F00:0253       	dc.b	46
               S01:00000321:  2E
F00:0254       	dc.b	98
               S01:00000322:  62
F00:0255       	dc.b	105
               S01:00000323:  69
F00:0256       	dc.b	110
               S01:00000324:  6E
F00:0257       	dc.b	0
               S01:00000325:  00
F00:0258       	opt o+,ol+,op+,oc+,ot+,oj+,ob+,om+
F00:0259       	public	_spawnKnightSprite
F00:0260       	cnop	0,4
F00:0261       _spawnKnightSprite
F00:0262       	link.w	a5,#-176
               S01:00000328:  4E 55 FF 50
F00:0263       	movem.l	l39,-(a7)
               S01:0000032C:  48 E7 38 00
F00:0264       	move.l	#0,l5
               S01:00000330:  42 B9 00 00 00 10 [R]
F00:0265       	move.b	#0,l4
               S01:00000336:  42 39 00 00 00 0C [R]
F00:0266       	pea	l36
               S01:0000033C:  48 7A 02 3A
F00:0267       	jsr	_fopen
               S01:00000340:  4E B9 00 00 00 00 [R]
F00:0268       	move.l	d0,l7
               S01:00000346:  23 C0 00 00 00 18 [R]
F00:0269       	move.l	l7,a0
               S01:0000034C:  20 79 00 00 00 18 [R]
F00:0270       	move.l	(4,a0),d0
               S01:00000352:  20 28 00 04
F00:0271       	bge	l42
               S01:00000356:  6C 06
F00:0272       	add.l	#31,d0
               S01:00000358:  D0 BC 00 00 00 1F
F00:0273       l42:
F00:0274       	asr.l	#5,d0
               S01:0000035E:  EA 80
F00:0275       	move.l	d0,-(a7)
               S01:00000360:  2F 00
F00:0276       	jsr	_VDP_AllocVram
               S01:00000362:  4E B9 00 00 00 00 [R]
F00:0277       	move.l	d0,l1
               S01:00000368:  23 C0 00 00 00 00 [R]
F00:0278       	move.l	#2,-(a7)
               S01:0000036E:  48 78 00 02
F00:0279       	move.l	l7,a0
               S01:00000372:  20 79 00 00 00 18 [R]
F00:0280       	move.l	(a0),-(a7)
               S01:00000378:  2F 10
F00:0281       	move.l	l7,a0
               S01:0000037A:  20 79 00 00 00 18 [R]
F00:0282       	move.l	(4,a0),-(a7)
               S01:00000380:  2F 28 00 04
F00:0283       	move.l	l1,a0
               S01:00000384:  20 79 00 00 00 00 [R]
F00:0284       	moveq	#0,d0
               S01:0000038A:  70 00
F00:0285       	move.w	(2,a0),d0
               S01:0000038C:  30 28 00 02
F00:0286       	move.l	d0,a0
               S01:00000390:  20 40
F00:0287       	move.l	a0,-(a7)
               S01:00000392:  2F 08
F00:0288       	jsr	_DMA_MemoryToVram
               S01:00000394:  4E B9 00 00 00 00 [R]
F00:0289       	move.l	l7,-(a7)
               S01:0000039A:  2F 39 00 00 00 18 [R]
F00:0290       	jsr	_fclose
               S01:000003A0:  4E B9 00 00 00 00 [R]
F00:0291       	jsr	_VDP_CommitSpriteBuffer
               S01:000003A6:  4E B9 00 00 00 00 [R]
F00:0292       	pea	l37
               S01:000003AC:  48 7A 01 E2
F00:0293       	jsr	_fopen
               S01:000003B0:  4E B9 00 00 00 00 [R]
F00:0294       	move.l	d0,l7
               S01:000003B6:  23 C0 00 00 00 18 [R]
F00:0295       	move.l	l7,a0
               S01:000003BC:  20 79 00 00 00 18 [R]
F00:0296       	move.l	(4,a0),a0
               S01:000003C2:  20 68 00 04
F00:0297       	move.l	a0,-(a7)
               S01:000003C6:  2F 08
F00:0298       	move.l	l7,a0
               S01:000003C8:  20 79 00 00 00 18 [R]
F00:0299       	move.l	(a0),-(a7)
               S01:000003CE:  2F 10
F00:0300       	pea	64+_colorBuffer
               S01:000003D0:  48 79 00 00 00 40 [R]
F00:0301       	jsr	_memcpy
               S01:000003D6:  4E B9 00 00 00 00 [R]
F00:0302       	move.l	d0,(-44,a5)
               S01:000003DC:  2B 40 FF D4
F00:0303       	jsr	_VDP_CommitColorBuffer
               S01:000003E0:  4E B9 00 00 00 00 [R]
F00:0304       	move.l	l7,-(a7)
               S01:000003E6:  2F 39 00 00 00 18 [R]
F00:0305       	jsr	_fclose
               S01:000003EC:  4E B9 00 00 00 00 [R]
F00:0306       	pea	l38
               S01:000003F2:  48 7A 01 B8
F00:0307       	jsr	_fopen
               S01:000003F6:  4E B9 00 00 00 00 [R]
F00:0308       	move.l	d0,l7
               S01:000003FC:  23 C0 00 00 00 18 [R]
F00:0309       	move.l	l7,a0
               S01:00000402:  20 79 00 00 00 18 [R]
F00:0310       	move.l	(4,a0),-(a7)
               S01:00000408:  2F 28 00 04
F00:0311       	jsr	_malloc
               S01:0000040C:  4E B9 00 00 00 00 [R]
F00:0312       	move.l	d0,l2
               S01:00000412:  23 C0 00 00 00 04 [R]
F00:0313       	move.l	l7,a0
               S01:00000418:  20 79 00 00 00 18 [R]
F00:0314       	move.l	(4,a0),a0
               S01:0000041E:  20 68 00 04
F00:0315       	move.l	a0,-(a7)
               S01:00000422:  2F 08
F00:0316       	move.l	l7,a0
               S01:00000424:  20 79 00 00 00 18 [R]
F00:0317       	move.l	(a0),-(a7)
               S01:0000042A:  2F 10
F00:0318       	move.l	l2,-(a7)
               S01:0000042C:  2F 39 00 00 00 04 [R]
F00:0319       	jsr	_memcpy
               S01:00000432:  4E B9 00 00 00 00 [R]
F00:0320       	move.l	d0,(-68,a5)
               S01:00000438:  2B 40 FF BC
F00:0321       	move.l	l7,-(a7)
               S01:0000043C:  2F 39 00 00 00 18 [R]
F00:0322       	jsr	_fclose
               S01:00000442:  4E B9 00 00 00 00 [R]
F00:0323       	pea	_knightActor
               S01:00000448:  48 79 00 00 01 18 [R]
F00:0324       	jsr	_spawnSprite
               S01:0000044E:  4E B9 00 00 00 00 [R]
F00:0325       	move.b	d0,l6
               S01:00000454:  13 C0 00 00 00 14 [R]
F00:0326       	move.l	l1,a0
               S01:0000045A:  20 79 00 00 00 00 [R]
F00:0327       	moveq	#0,d0
               S01:00000460:  70 00
F00:0328       	move.w	(2,a0),d0
               S01:00000462:  30 28 00 02
F00:0329       	tst.l	d0
               S01:00000466:  4A 80
F00:0330       	bge	l43
               S01:00000468:  6C 06
F00:0331       	add.l	#31,d0
               S01:0000046A:  D0 BC 00 00 00 1F
F00:0332       l43:
F00:0333       	asr.l	#5,d0
               S01:00000470:  EA 80
F00:0334       	move.b	l6,d1
               S01:00000472:  12 39 00 00 00 14 [R]
F00:0335       	ext.w	d1
               S01:00000478:  48 81
F00:0336       	ext.l	d1
               S01:0000047A:  48 C1
F00:0337       	moveq	#18,d2
               S01:0000047C:  74 12
F00:0338       	move.l	d1,d3
               S01:0000047E:  26 01
F00:0339       	move.l	d2,d4
               S01:00000480:  28 02
F00:0340       	swap	d3
               S01:00000482:  48 43
F00:0341       	swap	d4
               S01:00000484:  48 44
F00:0342       	mulu.w	d2,d3
               S01:00000486:  C6 C2
F00:0343       	mulu.w	d1,d4
               S01:00000488:  C8 C1
F00:0344       	mulu.w	d2,d1
               S01:0000048A:  C2 C2
F00:0345       	add.w	d4,d3
               S01:0000048C:  D6 44
F00:0346       	swap	d3
               S01:0000048E:  48 43
F00:0347       	clr.w	d3
               S01:00000490:  42 43
F00:0348       	add.l	d3,d1
               S01:00000492:  D2 83
F00:0349       	lea	_actors,a0
               S01:00000494:  41 F9 00 00 00 00 [R]
F00:0350       	move.w	d0,(6,a0,d1.l)
               S01:0000049A:  31 80 18 06
F00:0351       	move.l	l7,a0
               S01:0000049E:  20 79 00 00 00 18 [R]
F00:0352       	move.l	(4,a0),d0
               S01:000004A4:  20 28 00 04
F00:0353       	bge	l44
               S01:000004A8:  6C 02
F00:0354       	addq.l	#3,d0
               S01:000004AA:  56 80
F00:0355       l44:
F00:0356       	asr.l	#2,d0
               S01:000004AC:  E4 80
F00:0357       	move.b	l6,d1
               S01:000004AE:  12 39 00 00 00 14 [R]
F00:0358       	ext.w	d1
               S01:000004B4:  48 81
F00:0359       	ext.l	d1
               S01:000004B6:  48 C1
F00:0360       	moveq	#18,d2
               S01:000004B8:  74 12
F00:0361       	move.l	d1,d3
               S01:000004BA:  26 01
F00:0362       	move.l	d2,d4
               S01:000004BC:  28 02
F00:0363       	swap	d3
               S01:000004BE:  48 43
F00:0364       	swap	d4
               S01:000004C0:  48 44
F00:0365       	mulu.w	d2,d3
               S01:000004C2:  C6 C2
F00:0366       	mulu.w	d1,d4
               S01:000004C4:  C8 C1
F00:0367       	mulu.w	d2,d1
               S01:000004C6:  C2 C2
F00:0368       	add.w	d4,d3
               S01:000004C8:  D6 44
F00:0369       	swap	d3
               S01:000004CA:  48 43
F00:0370       	clr.w	d3
               S01:000004CC:  42 43
F00:0371       	add.l	d3,d1
               S01:000004CE:  D2 83
F00:0372       	lea	_actors,a0
               S01:000004D0:  41 F9 00 00 00 00 [R]
F00:0373       	move.b	d0,(8,a0,d1.l)
               S01:000004D6:  11 80 18 08
F00:0374       	move.b	l6,d0
               S01:000004DA:  10 39 00 00 00 14 [R]
F00:0375       	ext.w	d0
               S01:000004E0:  48 80
F00:0376       	ext.l	d0
               S01:000004E2:  48 C0
F00:0377       	moveq	#18,d1
               S01:000004E4:  72 12
F00:0378       	move.l	d0,d2
               S01:000004E6:  24 00
F00:0379       	move.l	d1,d3
               S01:000004E8:  26 01
F00:0380       	swap	d2
               S01:000004EA:  48 42
F00:0381       	swap	d3
               S01:000004EC:  48 43
F00:0382       	mulu.w	d1,d2
               S01:000004EE:  C4 C1
F00:0383       	mulu.w	d0,d3
               S01:000004F0:  C6 C0
F00:0384       	mulu.w	d1,d0
               S01:000004F2:  C0 C1
F00:0385       	add.w	d3,d2
               S01:000004F4:  D4 43
F00:0386       	swap	d2
               S01:000004F6:  48 42
F00:0387       	clr.w	d2
               S01:000004F8:  42 42
F00:0388       	add.l	d2,d0
               S01:000004FA:  D0 82
F00:0389       	lea	_actors,a0
               S01:000004FC:  41 F9 00 00 00 00 [R]
F00:0390       	add.l	d0,a0
               S01:00000502:  D1 C0
F00:0391       	lea	(8,a0),a1
               S01:00000504:  43 E8 00 08
F00:0392       	move.l	l2,(10,a0)
               S01:00000508:  21 79 00 00 00 04 00 0A [R]
F00:0393       	move.b	l6,d0
               S01:00000510:  10 39 00 00 00 14 [R]
F00:0394       	ext.w	d0
               S01:00000516:  48 80
F00:0395       	ext.l	d0
               S01:00000518:  48 C0
F00:0396       	moveq	#18,d1
               S01:0000051A:  72 12
F00:0397       	move.l	d0,d2
               S01:0000051C:  24 00
F00:0398       	move.l	d1,d3
               S01:0000051E:  26 01
F00:0399       	swap	d2
               S01:00000520:  48 42
F00:0400       	swap	d3
               S01:00000522:  48 43
F00:0401       	mulu.w	d1,d2
               S01:00000524:  C4 C1
F00:0402       	mulu.w	d0,d3
               S01:00000526:  C6 C0
F00:0403       	mulu.w	d1,d0
               S01:00000528:  C0 C1
F00:0404       	add.w	d3,d2
               S01:0000052A:  D4 43
F00:0405       	swap	d2
               S01:0000052C:  48 42
F00:0406       	clr.w	d2
               S01:0000052E:  42 42
F00:0407       	add.l	d2,d0
               S01:00000530:  D0 82
F00:0408       	lea	_actors,a0
               S01:00000532:  41 F9 00 00 00 00 [R]
F00:0409       	move.w	#112,(14,a0,d0.l)
               S01:00000538:  31 BC 00 70 08 0E
F00:0410       	move.b	l6,d0
               S01:0000053E:  10 39 00 00 00 14 [R]
F00:0411       	ext.w	d0
               S01:00000544:  48 80
F00:0412       	ext.l	d0
               S01:00000546:  48 C0
F00:0413       	moveq	#18,d1
               S01:00000548:  72 12
F00:0414       	move.l	d0,d2
               S01:0000054A:  24 00
F00:0415       	move.l	d1,d3
               S01:0000054C:  26 01
F00:0416       	swap	d2
               S01:0000054E:  48 42
F00:0417       	swap	d3
               S01:00000550:  48 43
F00:0418       	mulu.w	d1,d2
               S01:00000552:  C4 C1
F00:0419       	mulu.w	d0,d3
               S01:00000554:  C6 C0
F00:0420       	mulu.w	d1,d0
               S01:00000556:  C0 C1
F00:0421       	add.w	d3,d2
               S01:00000558:  D4 43
F00:0422       	swap	d2
               S01:0000055A:  48 42
F00:0423       	clr.w	d2
               S01:0000055C:  42 42
F00:0424       	add.l	d2,d0
               S01:0000055E:  D0 82
F00:0425       	lea	_actors,a0
               S01:00000560:  41 F9 00 00 00 00 [R]
F00:0426       	move.w	#176,(16,a0,d0.l)
               S01:00000566:  31 BC 00 B0 08 10
F00:0427       	add.w	#76,a7
               S01:0000056C:  4F EF 00 4C
F00:0428       l39	reg	d2/d3/d4
F00:0429       	movem.l	(a7)+,d2/d3/d4
               S01:00000570:  4C DF 00 1C
F00:0430       	unlk	a5
               S01:00000574:  4E 5D
F00:0431       	rts
               S01:00000576:  4E 75
F00:0432       	cnop	0,4
F00:0433       l36
F00:0434       	dc.b	107
               S01:00000578:  6B
F00:0435       	dc.b	110
               S01:00000579:  6E
F00:0436       	dc.b	105
               S01:0000057A:  69
F00:0437       	dc.b	103
               S01:0000057B:  67
F00:0438       	dc.b	104
               S01:0000057C:  68
F00:0439       	dc.b	116
               S01:0000057D:  74
F00:0440       	dc.b	47
               S01:0000057E:  2F
F00:0441       	dc.b	107
               S01:0000057F:  6B
F00:0442       	dc.b	110
               S01:00000580:  6E
F00:0443       	dc.b	105
               S01:00000581:  69
F00:0444       	dc.b	103
               S01:00000582:  67
F00:0445       	dc.b	104
               S01:00000583:  68
F00:0446       	dc.b	116
               S01:00000584:  74
F00:0447       	dc.b	95
               S01:00000585:  5F
F00:0448       	dc.b	103
               S01:00000586:  67
F00:0449       	dc.b	102
               S01:00000587:  66
F00:0450       	dc.b	120
               S01:00000588:  78
F00:0451       	dc.b	46
               S01:00000589:  2E
F00:0452       	dc.b	98
               S01:0000058A:  62
F00:0453       	dc.b	105
               S01:0000058B:  69
F00:0454       	dc.b	110
               S01:0000058C:  6E
F00:0455       	dc.b	0
               S01:0000058D:  00
F00:0456       	cnop	0,4
F00:0457       l37
F00:0458       	dc.b	107
               S01:00000590:  6B
F00:0459       	dc.b	110
               S01:00000591:  6E
F00:0460       	dc.b	105
               S01:00000592:  69
F00:0461       	dc.b	103
               S01:00000593:  67
F00:0462       	dc.b	104
               S01:00000594:  68
F00:0463       	dc.b	116
               S01:00000595:  74
F00:0464       	dc.b	47
               S01:00000596:  2F
F00:0465       	dc.b	107
               S01:00000597:  6B
F00:0466       	dc.b	110
               S01:00000598:  6E
F00:0467       	dc.b	105
               S01:00000599:  69
F00:0468       	dc.b	103
               S01:0000059A:  67
F00:0469       	dc.b	104
               S01:0000059B:  68
F00:0470       	dc.b	116
               S01:0000059C:  74
F00:0471       	dc.b	95
               S01:0000059D:  5F
F00:0472       	dc.b	99
               S01:0000059E:  63
F00:0473       	dc.b	111
               S01:0000059F:  6F
F00:0474       	dc.b	108
               S01:000005A0:  6C
F00:0475       	dc.b	111
               S01:000005A1:  6F
F00:0476       	dc.b	114
               S01:000005A2:  72
F00:0477       	dc.b	115
               S01:000005A3:  73
F00:0478       	dc.b	46
               S01:000005A4:  2E
F00:0479       	dc.b	98
               S01:000005A5:  62
F00:0480       	dc.b	105
               S01:000005A6:  69
F00:0481       	dc.b	110
               S01:000005A7:  6E
F00:0482       	dc.b	0
               S01:000005A8:  00
F00:0483       	cnop	0,4
F00:0484       l38
F00:0485       	dc.b	107
               S01:000005AC:  6B
F00:0486       	dc.b	110
               S01:000005AD:  6E
F00:0487       	dc.b	105
               S01:000005AE:  69
F00:0488       	dc.b	103
               S01:000005AF:  67
F00:0489       	dc.b	104
               S01:000005B0:  68
F00:0490       	dc.b	116
               S01:000005B1:  74
F00:0491       	dc.b	47
               S01:000005B2:  2F
F00:0492       	dc.b	107
               S01:000005B3:  6B
F00:0493       	dc.b	110
               S01:000005B4:  6E
F00:0494       	dc.b	105
               S01:000005B5:  69
F00:0495       	dc.b	103
               S01:000005B6:  67
F00:0496       	dc.b	104
               S01:000005B7:  68
F00:0497       	dc.b	116
               S01:000005B8:  74
F00:0498       	dc.b	95
               S01:000005B9:  5F
F00:0499       	dc.b	116
               S01:000005BA:  74
F00:0500       	dc.b	105
               S01:000005BB:  69
F00:0501       	dc.b	108
               S01:000005BC:  6C
F00:0502       	dc.b	101
               S01:000005BD:  65
F00:0503       	dc.b	109
               S01:000005BE:  6D
F00:0504       	dc.b	97
               S01:000005BF:  61
F00:0505       	dc.b	112
               S01:000005C0:  70
F00:0506       	dc.b	95
               S01:000005C1:  5F
F00:0507       	dc.b	115
               S01:000005C2:  73
F00:0508       	dc.b	109
               S01:000005C3:  6D
F00:0509       	dc.b	97
               S01:000005C4:  61
F00:0510       	dc.b	108
               S01:000005C5:  6C
F00:0511       	dc.b	108
               S01:000005C6:  6C
F00:0512       	dc.b	101
               S01:000005C7:  65
F00:0513       	dc.b	114
               S01:000005C8:  72
F00:0514       	dc.b	46
               S01:000005C9:  2E
F00:0515       	dc.b	98
               S01:000005CA:  62
F00:0516       	dc.b	105
               S01:000005CB:  69
F00:0517       	dc.b	110
               S01:000005CC:  6E
F00:0518       	dc.b	0
               S01:000005CD:  00
F00:0519       	public	_knightAnimationRunGFXFiles
F00:0520       	section	"DATA",data
F00:0521       	cnop	0,4
F00:0522       _knightAnimationRunGFXFiles
F00:0523       	dc.b	107
               S02:00000000:  6B
F00:0524       	dc.b	110
               S02:00000001:  6E
F00:0525       	dc.b	105
               S02:00000002:  69
F00:0526       	dc.b	103
               S02:00000003:  67
F00:0527       	dc.b	104
               S02:00000004:  68
F00:0528       	dc.b	116
               S02:00000005:  74
F00:0529       	dc.b	47
               S02:00000006:  2F
F00:0530       	dc.b	114
               S02:00000007:  72
F00:0531       	dc.b	117
               S02:00000008:  75
F00:0532       	dc.b	110
               S02:00000009:  6E
F00:0533       	dc.b	110
               S02:0000000A:  6E
F00:0534       	dc.b	105
               S02:0000000B:  69
F00:0535       	dc.b	110
               S02:0000000C:  6E
F00:0536       	dc.b	103
               S02:0000000D:  67
F00:0537       	dc.b	47
               S02:0000000E:  2F
F00:0538       	dc.b	75
               S02:0000000F:  4B
F00:0539       	dc.b	110
               S02:00000010:  6E
F00:0540       	dc.b	105
               S02:00000011:  69
F00:0541       	dc.b	103
               S02:00000012:  67
F00:0542       	dc.b	104
               S02:00000013:  68
F00:0543       	dc.b	116
               S02:00000014:  74
F00:0544       	dc.b	82
               S02:00000015:  52
F00:0545       	dc.b	117
               S02:00000016:  75
F00:0546       	dc.b	110
               S02:00000017:  6E
F00:0547       	dc.b	49
               S02:00000018:  31
F00:0548       	dc.b	95
               S02:00000019:  5F
F00:0549       	dc.b	103
               S02:0000001A:  67
F00:0550       	dc.b	102
               S02:0000001B:  66
F00:0551       	dc.b	120
               S02:0000001C:  78
F00:0552       	dc.b	46
               S02:0000001D:  2E
F00:0553       	dc.b	98
               S02:0000001E:  62
F00:0554       	dc.b	105
               S02:0000001F:  69
F00:0555       	dc.b	110
               S02:00000020:  6E
F00:0556       	dc.b	107
               S02:00000021:  6B
F00:0557       	dc.b	110
               S02:00000022:  6E
F00:0558       	dc.b	105
               S02:00000023:  69
F00:0559       	dc.b	103
               S02:00000024:  67
F00:0560       	dc.b	104
               S02:00000025:  68
F00:0561       	dc.b	116
               S02:00000026:  74
F00:0562       	dc.b	47
               S02:00000027:  2F
F00:0563       	dc.b	114
               S02:00000028:  72
F00:0564       	dc.b	117
               S02:00000029:  75
F00:0565       	dc.b	110
               S02:0000002A:  6E
F00:0566       	dc.b	110
               S02:0000002B:  6E
F00:0567       	dc.b	105
               S02:0000002C:  69
F00:0568       	dc.b	110
               S02:0000002D:  6E
F00:0569       	dc.b	103
               S02:0000002E:  67
F00:0570       	dc.b	47
               S02:0000002F:  2F
F00:0571       	dc.b	75
               S02:00000030:  4B
F00:0572       	dc.b	110
               S02:00000031:  6E
F00:0573       	dc.b	105
               S02:00000032:  69
F00:0574       	dc.b	103
               S02:00000033:  67
F00:0575       	dc.b	104
               S02:00000034:  68
F00:0576       	dc.b	116
               S02:00000035:  74
F00:0577       	dc.b	82
               S02:00000036:  52
F00:0578       	dc.b	117
               S02:00000037:  75
F00:0579       	dc.b	110
               S02:00000038:  6E
F00:0580       	dc.b	50
               S02:00000039:  32
F00:0581       	dc.b	95
               S02:0000003A:  5F
F00:0582       	dc.b	103
               S02:0000003B:  67
F00:0583       	dc.b	102
               S02:0000003C:  66
F00:0584       	dc.b	120
               S02:0000003D:  78
F00:0585       	dc.b	46
               S02:0000003E:  2E
F00:0586       	dc.b	98
               S02:0000003F:  62
F00:0587       	dc.b	105
               S02:00000040:  69
F00:0588       	dc.b	110
               S02:00000041:  6E
F00:0589       	dc.b	107
               S02:00000042:  6B
F00:0590       	dc.b	110
               S02:00000043:  6E
F00:0591       	dc.b	105
               S02:00000044:  69
F00:0592       	dc.b	103
               S02:00000045:  67
F00:0593       	dc.b	104
               S02:00000046:  68
F00:0594       	dc.b	116
               S02:00000047:  74
F00:0595       	dc.b	47
               S02:00000048:  2F
F00:0596       	dc.b	114
               S02:00000049:  72
F00:0597       	dc.b	117
               S02:0000004A:  75
F00:0598       	dc.b	110
               S02:0000004B:  6E
F00:0599       	dc.b	110
               S02:0000004C:  6E
F00:0600       	dc.b	105
               S02:0000004D:  69
F00:0601       	dc.b	110
               S02:0000004E:  6E
F00:0602       	dc.b	103
               S02:0000004F:  67
F00:0603       	dc.b	47
               S02:00000050:  2F
F00:0604       	dc.b	75
               S02:00000051:  4B
F00:0605       	dc.b	110
               S02:00000052:  6E
F00:0606       	dc.b	105
               S02:00000053:  69
F00:0607       	dc.b	103
               S02:00000054:  67
F00:0608       	dc.b	104
               S02:00000055:  68
F00:0609       	dc.b	116
               S02:00000056:  74
F00:0610       	dc.b	82
               S02:00000057:  52
F00:0611       	dc.b	117
               S02:00000058:  75
F00:0612       	dc.b	110
               S02:00000059:  6E
F00:0613       	dc.b	49
               S02:0000005A:  31
F00:0614       	dc.b	95
               S02:0000005B:  5F
F00:0615       	dc.b	103
               S02:0000005C:  67
F00:0616       	dc.b	102
               S02:0000005D:  66
F00:0617       	dc.b	120
               S02:0000005E:  78
F00:0618       	dc.b	46
               S02:0000005F:  2E
F00:0619       	dc.b	98
               S02:00000060:  62
F00:0620       	dc.b	105
               S02:00000061:  69
F00:0621       	dc.b	110
               S02:00000062:  6E
F00:0622       	dc.b	107
               S02:00000063:  6B
F00:0623       	dc.b	110
               S02:00000064:  6E
F00:0624       	dc.b	105
               S02:00000065:  69
F00:0625       	dc.b	103
               S02:00000066:  67
F00:0626       	dc.b	104
               S02:00000067:  68
F00:0627       	dc.b	116
               S02:00000068:  74
F00:0628       	dc.b	47
               S02:00000069:  2F
F00:0629       	dc.b	114
               S02:0000006A:  72
F00:0630       	dc.b	117
               S02:0000006B:  75
F00:0631       	dc.b	110
               S02:0000006C:  6E
F00:0632       	dc.b	110
               S02:0000006D:  6E
F00:0633       	dc.b	105
               S02:0000006E:  69
F00:0634       	dc.b	110
               S02:0000006F:  6E
F00:0635       	dc.b	103
               S02:00000070:  67
F00:0636       	dc.b	47
               S02:00000071:  2F
F00:0637       	dc.b	75
               S02:00000072:  4B
F00:0638       	dc.b	110
               S02:00000073:  6E
F00:0639       	dc.b	105
               S02:00000074:  69
F00:0640       	dc.b	103
               S02:00000075:  67
F00:0641       	dc.b	104
               S02:00000076:  68
F00:0642       	dc.b	116
               S02:00000077:  74
F00:0643       	dc.b	82
               S02:00000078:  52
F00:0644       	dc.b	117
               S02:00000079:  75
F00:0645       	dc.b	110
               S02:0000007A:  6E
F00:0646       	dc.b	52
               S02:0000007B:  34
F00:0647       	dc.b	95
               S02:0000007C:  5F
F00:0648       	dc.b	103
               S02:0000007D:  67
F00:0649       	dc.b	102
               S02:0000007E:  66
F00:0650       	dc.b	120
               S02:0000007F:  78
F00:0651       	dc.b	46
               S02:00000080:  2E
F00:0652       	dc.b	98
               S02:00000081:  62
F00:0653       	dc.b	105
               S02:00000082:  69
F00:0654       	dc.b	110
               S02:00000083:  6E
F00:0655       	public	_knightAnimationRunTilemapFiles
F00:0656       	cnop	0,4
F00:0657       _knightAnimationRunTilemapFiles
F00:0658       	dc.b	107
               S02:00000084:  6B
F00:0659       	dc.b	110
               S02:00000085:  6E
F00:0660       	dc.b	105
               S02:00000086:  69
F00:0661       	dc.b	103
               S02:00000087:  67
F00:0662       	dc.b	104
               S02:00000088:  68
F00:0663       	dc.b	116
               S02:00000089:  74
F00:0664       	dc.b	47
               S02:0000008A:  2F
F00:0665       	dc.b	114
               S02:0000008B:  72
F00:0666       	dc.b	117
               S02:0000008C:  75
F00:0667       	dc.b	110
               S02:0000008D:  6E
F00:0668       	dc.b	110
               S02:0000008E:  6E
F00:0669       	dc.b	105
               S02:0000008F:  69
F00:0670       	dc.b	110
               S02:00000090:  6E
F00:0671       	dc.b	103
               S02:00000091:  67
F00:0672       	dc.b	47
               S02:00000092:  2F
F00:0673       	dc.b	75
               S02:00000093:  4B
F00:0674       	dc.b	110
               S02:00000094:  6E
F00:0675       	dc.b	105
               S02:00000095:  69
F00:0676       	dc.b	103
               S02:00000096:  67
F00:0677       	dc.b	104
               S02:00000097:  68
F00:0678       	dc.b	116
               S02:00000098:  74
F00:0679       	dc.b	82
               S02:00000099:  52
F00:0680       	dc.b	117
               S02:0000009A:  75
F00:0681       	dc.b	110
               S02:0000009B:  6E
F00:0682       	dc.b	49
               S02:0000009C:  31
F00:0683       	dc.b	95
               S02:0000009D:  5F
F00:0684       	dc.b	116
               S02:0000009E:  74
F00:0685       	dc.b	105
               S02:0000009F:  69
F00:0686       	dc.b	108
               S02:000000A0:  6C
F00:0687       	dc.b	101
               S02:000000A1:  65
F00:0688       	dc.b	109
               S02:000000A2:  6D
F00:0689       	dc.b	97
               S02:000000A3:  61
F00:0690       	dc.b	112
               S02:000000A4:  70
F00:0691       	dc.b	46
               S02:000000A5:  2E
F00:0692       	dc.b	98
               S02:000000A6:  62
F00:0693       	dc.b	105
               S02:000000A7:  69
F00:0694       	dc.b	110
               S02:000000A8:  6E
F00:0695       	dc.b	107
               S02:000000A9:  6B
F00:0696       	dc.b	110
               S02:000000AA:  6E
F00:0697       	dc.b	105
               S02:000000AB:  69
F00:0698       	dc.b	103
               S02:000000AC:  67
F00:0699       	dc.b	104
               S02:000000AD:  68
F00:0700       	dc.b	116
               S02:000000AE:  74
F00:0701       	dc.b	47
               S02:000000AF:  2F
F00:0702       	dc.b	114
               S02:000000B0:  72
F00:0703       	dc.b	117
               S02:000000B1:  75
F00:0704       	dc.b	110
               S02:000000B2:  6E
F00:0705       	dc.b	110
               S02:000000B3:  6E
F00:0706       	dc.b	105
               S02:000000B4:  69
F00:0707       	dc.b	110
               S02:000000B5:  6E
F00:0708       	dc.b	103
               S02:000000B6:  67
F00:0709       	dc.b	47
               S02:000000B7:  2F
F00:0710       	dc.b	75
               S02:000000B8:  4B
F00:0711       	dc.b	110
               S02:000000B9:  6E
F00:0712       	dc.b	105
               S02:000000BA:  69
F00:0713       	dc.b	103
               S02:000000BB:  67
F00:0714       	dc.b	104
               S02:000000BC:  68
F00:0715       	dc.b	116
               S02:000000BD:  74
F00:0716       	dc.b	82
               S02:000000BE:  52
F00:0717       	dc.b	117
               S02:000000BF:  75
F00:0718       	dc.b	110
               S02:000000C0:  6E
F00:0719       	dc.b	50
               S02:000000C1:  32
F00:0720       	dc.b	95
               S02:000000C2:  5F
F00:0721       	dc.b	116
               S02:000000C3:  74
F00:0722       	dc.b	105
               S02:000000C4:  69
F00:0723       	dc.b	108
               S02:000000C5:  6C
F00:0724       	dc.b	101
               S02:000000C6:  65
F00:0725       	dc.b	109
               S02:000000C7:  6D
F00:0726       	dc.b	97
               S02:000000C8:  61
F00:0727       	dc.b	112
               S02:000000C9:  70
F00:0728       	dc.b	46
               S02:000000CA:  2E
F00:0729       	dc.b	98
               S02:000000CB:  62
F00:0730       	dc.b	105
               S02:000000CC:  69
F00:0731       	dc.b	110
               S02:000000CD:  6E
F00:0732       	dc.b	107
               S02:000000CE:  6B
F00:0733       	dc.b	110
               S02:000000CF:  6E
F00:0734       	dc.b	105
               S02:000000D0:  69
F00:0735       	dc.b	103
               S02:000000D1:  67
F00:0736       	dc.b	104
               S02:000000D2:  68
F00:0737       	dc.b	116
               S02:000000D3:  74
F00:0738       	dc.b	47
               S02:000000D4:  2F
F00:0739       	dc.b	114
               S02:000000D5:  72
F00:0740       	dc.b	117
               S02:000000D6:  75
F00:0741       	dc.b	110
               S02:000000D7:  6E
F00:0742       	dc.b	110
               S02:000000D8:  6E
F00:0743       	dc.b	105
               S02:000000D9:  69
F00:0744       	dc.b	110
               S02:000000DA:  6E
F00:0745       	dc.b	103
               S02:000000DB:  67
F00:0746       	dc.b	47
               S02:000000DC:  2F
F00:0747       	dc.b	75
               S02:000000DD:  4B
F00:0748       	dc.b	110
               S02:000000DE:  6E
F00:0749       	dc.b	105
               S02:000000DF:  69
F00:0750       	dc.b	103
               S02:000000E0:  67
F00:0751       	dc.b	104
               S02:000000E1:  68
F00:0752       	dc.b	116
               S02:000000E2:  74
F00:0753       	dc.b	82
               S02:000000E3:  52
F00:0754       	dc.b	117
               S02:000000E4:  75
F00:0755       	dc.b	110
               S02:000000E5:  6E
F00:0756       	dc.b	49
               S02:000000E6:  31
F00:0757       	dc.b	95
               S02:000000E7:  5F
F00:0758       	dc.b	116
               S02:000000E8:  74
F00:0759       	dc.b	105
               S02:000000E9:  69
F00:0760       	dc.b	108
               S02:000000EA:  6C
F00:0761       	dc.b	101
               S02:000000EB:  65
F00:0762       	dc.b	109
               S02:000000EC:  6D
F00:0763       	dc.b	97
               S02:000000ED:  61
F00:0764       	dc.b	112
               S02:000000EE:  70
F00:0765       	dc.b	46
               S02:000000EF:  2E
F00:0766       	dc.b	98
               S02:000000F0:  62
F00:0767       	dc.b	105
               S02:000000F1:  69
F00:0768       	dc.b	110
               S02:000000F2:  6E
F00:0769       	dc.b	107
               S02:000000F3:  6B
F00:0770       	dc.b	110
               S02:000000F4:  6E
F00:0771       	dc.b	105
               S02:000000F5:  69
F00:0772       	dc.b	103
               S02:000000F6:  67
F00:0773       	dc.b	104
               S02:000000F7:  68
F00:0774       	dc.b	116
               S02:000000F8:  74
F00:0775       	dc.b	47
               S02:000000F9:  2F
F00:0776       	dc.b	114
               S02:000000FA:  72
F00:0777       	dc.b	117
               S02:000000FB:  75
F00:0778       	dc.b	110
               S02:000000FC:  6E
F00:0779       	dc.b	110
               S02:000000FD:  6E
F00:0780       	dc.b	105
               S02:000000FE:  69
F00:0781       	dc.b	110
               S02:000000FF:  6E
F00:0782       	dc.b	103
               S02:00000100:  67
F00:0783       	dc.b	47
               S02:00000101:  2F
F00:0784       	dc.b	75
               S02:00000102:  4B
F00:0785       	dc.b	110
               S02:00000103:  6E
F00:0786       	dc.b	105
               S02:00000104:  69
F00:0787       	dc.b	103
               S02:00000105:  67
F00:0788       	dc.b	104
               S02:00000106:  68
F00:0789       	dc.b	116
               S02:00000107:  74
F00:0790       	dc.b	82
               S02:00000108:  52
F00:0791       	dc.b	117
               S02:00000109:  75
F00:0792       	dc.b	110
               S02:0000010A:  6E
F00:0793       	dc.b	52
               S02:0000010B:  34
F00:0794       	dc.b	95
               S02:0000010C:  5F
F00:0795       	dc.b	116
               S02:0000010D:  74
F00:0796       	dc.b	105
               S02:0000010E:  69
F00:0797       	dc.b	108
               S02:0000010F:  6C
F00:0798       	dc.b	101
               S02:00000110:  65
F00:0799       	dc.b	109
               S02:00000111:  6D
F00:0800       	dc.b	97
               S02:00000112:  61
F00:0801       	dc.b	112
               S02:00000113:  70
F00:0802       	dc.b	46
               S02:00000114:  2E
F00:0803       	dc.b	98
               S02:00000115:  62
F00:0804       	dc.b	105
               S02:00000116:  69
F00:0805       	dc.b	110
               S02:00000117:  6E
F00:0806       	public	_knightActor
F00:0807       	cnop	0,4
F00:0808       _knightActor
F00:0809       	dc.l	_knightTestMethod
               S02:00000118:  00 00 00 00 [R]
F00:0810       	dc.b	1
               S02:0000011C:  01
F00:0811       	ds.b	1
F00:0812       	dc.w	0
               S02:0000011E:  00 00
F00:0813       	dc.b	0
               S02:00000120:  00
F00:0814       	ds.b	1
F00:0815       	dc.l	0
               S02:00000122:  00 00 00 00
F00:0816       	dc.w	0
               S02:00000126:  00 00
F00:0817       	dc.w	0
               S02:00000128:  00 00
F00:0818       	public	_isButtonHeldDown
F00:0819       	public	_isButtonJustReleased
F00:0820       	public	_memcpy
F00:0821       	public	_VDP_AllocVram
F00:0822       	public	_VDP_FreeVram
F00:0823       	public	_VDP_CommitColorBuffer
F00:0824       	public	_VDP_CommitSpriteBuffer
F00:0825       	public	_colorBuffer
F00:0826       	public	_actors
F00:0827       	public	_thisActor
F00:0828       	public	_spawnSprite
F00:0829       	public	_malloc
F00:0830       	public	_free
F00:0831       	public	_fopen
F00:0832       	public	_fclose
F00:0833       	public	_DMA_MemoryToVram
F00:0834       	section	"BSS",bss
F00:0835       	cnop	0,4
F00:0836       l1
F00:0837       	ds.b	4
F00:0838       	cnop	0,4
F00:0839       l2
F00:0840       	ds.b	4
F00:0841       	cnop	0,4
F00:0842       l3
F00:0843       	ds.b	1
F00:0844       	cnop	0,4
F00:0845       l4
F00:0846       	ds.b	1
F00:0847       	cnop	0,4
F00:0848       l5
F00:0849       	ds.b	4
F00:0850       	cnop	0,4
F00:0851       l6
F00:0852       	ds.b	1
F00:0853       	cnop	0,4
F00:0854       l7
F00:0855       	ds.b	4
F00:0856       


Sections:
S01  CODE
S02  DATA
S03  BSS


Sources:
F00  player.asm


Symbols:
l44 LAB (0x4ac) sec=CODE 
_actors IMP EXPORT REF 
l43 LAB (0x470) sec=CODE 
l6 LAB (0x14) REF sec=BSS 
_spawnSprite IMP EXPORT REF 
_knightActor LAB (0x118) EXPORT REF sec=DATA 
l38 LAB (0x5ac) sec=CODE 
_VDP_CommitColorBuffer IMP EXPORT REF 
_colorBuffer IMP EXPORT REF 
l37 LAB (0x590) sec=CODE 
l42 LAB (0x35e) sec=CODE 
l36 LAB (0x578) sec=CODE 
l39 EXPR(28=0x1c) EQU REGL 
_spawnKnightSprite LAB (0x328) UNUSED EXPORT sec=CODE 
_malloc IMP EXPORT REF 
_free IMP EXPORT REF 
_knightAnimationRunTilemapFiles LAB (0x84) EXPORT REF sec=DATA 
l33 LAB (0x20c) sec=CODE 
_knightAnimationRunGFXFiles LAB (0x0) EXPORT REF sec=DATA 
l28 LAB (0x1b8) sec=CODE 
l4 LAB (0xc) REF sec=BSS 
l26 LAB (0x2e2) sec=CODE 
l5 LAB (0x10) REF sec=BSS 
_memcpy IMP EXPORT REF 
l2 LAB (0x4) REF sec=BSS 
l22 LAB (0x304) sec=CODE 
_VDP_CommitSpriteBuffer IMP EXPORT REF 
_fclose IMP EXPORT REF 
_DMA_MemoryToVram IMP EXPORT REF 
_VDP_AllocVram IMP EXPORT REF 
l32 LAB (0xe2) sec=CODE 
_VDP_FreeVram IMP EXPORT REF 
l1 LAB (0x0) REF sec=BSS 
l7 LAB (0x18) REF sec=BSS 
_fopen IMP EXPORT REF 
l21 LAB (0x2ec) sec=CODE 
_isButtonJustReleased IMP EXPORT REF 
l19 LAB (0x17a) sec=CODE 
l17 LAB (0x98) sec=CODE 
l15 LAB (0x76) sec=CODE 
l13 LAB (0x56) sec=CODE 
_thisActor IMP EXPORT REF 
l11 LAB (0x34) sec=CODE 
_isButtonHeldDown IMP EXPORT REF 
l3 LAB (0x8) REF sec=BSS 
l29 EXPR(124=0x7c) EQU REGL 
_knightTestMethod LAB (0x0) EXPORT REF sec=CODE 
_MOVEMBYTES EXPR(12=0xc) INTERNAL 
 MOVEMSIZE EXPR(4=0x4) INTERNAL 
_MOVEMREGS EXPR(28=0x1c) INTERNAL 
__LINE__ EXPR(856=0x358) INTERNAL 
__FO EXPR(0=0x0) INTERNAL 
__RS EXPR(0=0x0) INTERNAL 
REPTN EXPR(-1=0xffffffff) INTERNAL 
__VASM EXPR(1=0x1) INTERNAL 
__UNIXFS EXPR(0=0x0) INTERNAL 

There have been no errors.
